23:19:54.702 [DEBUG] [org.gradle.internal.nativeintegration.services.NativeServices] Native-platform posix files is not available.  Continuing with fallback.
23:19:54.711 [DEBUG] [org.gradle.internal.nativeintegration.filesystem.services.FileSystemServices] Using JDK 7 file service org.gradle.internal.nativeintegration.filesystem.jdk7.WindowsJdk7Symlink
23:19:54.924 [INFO] [org.gradle.launcher.daemon.server.health.gc.GarbageCollectionMonitor] Unable to determine a garbage collection monitoring strategy for JVMStrategy{JetBrains s.r.o version 1.8.0_76-release}
23:19:54.936 [INFO] [org.gradle.launcher.daemon.server.Daemon] start() called on daemon - DefaultDaemonContext[uid=4b80757f-aa05-4a69-ad64-4adc16504f84,javaHome=C:\Android\Android Studio\jre,daemonRegistryDir=C:\Users\Asus\.gradle\daemon,pid=5616,idleTimeout=10800000,daemonOpts=-Xmx1536m,-Dfile.encoding=windows-1252,-Duser.country=GB,-Duser.language=en,-Duser.variant]
23:19:54.942 [DEBUG] [org.gradle.launcher.daemon.server.DaemonStateCoordinator] updating lastActivityAt to 1474906794942
23:19:55.133 [DEBUG] [org.gradle.internal.remote.internal.inet.InetAddressFactory] Adding IP addresses for network interface Software Loopback Interface 1
23:19:55.136 [DEBUG] [org.gradle.internal.remote.internal.inet.InetAddressFactory] Is this a loopback interface? true
23:19:55.139 [DEBUG] [org.gradle.internal.remote.internal.inet.InetAddressFactory] Is this a multicast interface? true
23:19:55.140 [DEBUG] [org.gradle.internal.remote.internal.inet.InetAddressFactory] Adding loopback address /127.0.0.1
23:19:55.141 [DEBUG] [org.gradle.internal.remote.internal.inet.InetAddressFactory] Adding loopback address /0:0:0:0:0:0:0:1
23:19:55.141 [DEBUG] [org.gradle.internal.remote.internal.inet.InetAddressFactory] Adding loopback multicast interface Software Loopback Interface 1
23:19:55.142 [DEBUG] [org.gradle.internal.remote.internal.inet.InetAddressFactory] Adding IP addresses for network interface WAN Miniport (SSTP)
23:19:55.144 [DEBUG] [org.gradle.internal.remote.internal.inet.InetAddressFactory] Is this a loopback interface? false
23:19:55.149 [DEBUG] [org.gradle.internal.remote.internal.inet.InetAddressFactory] Is this a multicast interface? true
23:19:55.149 [DEBUG] [org.gradle.internal.remote.internal.inet.InetAddressFactory] Adding loopback multicast interface WAN Miniport (SSTP)
23:19:55.150 [DEBUG] [org.gradle.internal.remote.internal.inet.InetAddressFactory] Adding IP addresses for network interface WAN Miniport (IKEv2)
23:19:55.152 [DEBUG] [org.gradle.internal.remote.internal.inet.InetAddressFactory] Is this a loopback interface? false
23:19:55.155 [DEBUG] [org.gradle.internal.remote.internal.inet.InetAddressFactory] Is this a multicast interface? true
23:19:55.155 [DEBUG] [org.gradle.internal.remote.internal.inet.InetAddressFactory] Adding loopback multicast interface WAN Miniport (IKEv2)
23:19:55.156 [DEBUG] [org.gradle.internal.remote.internal.inet.InetAddressFactory] Adding IP addresses for network interface WAN Miniport (L2TP)
23:19:55.158 [DEBUG] [org.gradle.internal.remote.internal.inet.InetAddressFactory] Is this a loopback interface? false
23:19:55.161 [DEBUG] [org.gradle.internal.remote.internal.inet.InetAddressFactory] Is this a multicast interface? true
23:19:55.162 [DEBUG] [org.gradle.internal.remote.internal.inet.InetAddressFactory] Adding loopback multicast interface WAN Miniport (L2TP)
23:19:55.162 [DEBUG] [org.gradle.internal.remote.internal.inet.InetAddressFactory] Adding IP addresses for network interface WAN Miniport (PPTP)
23:19:55.167 [DEBUG] [org.gradle.internal.remote.internal.inet.InetAddressFactory] Is this a loopback interface? false
23:19:55.170 [DEBUG] [org.gradle.internal.remote.internal.inet.InetAddressFactory] Is this a multicast interface? true
23:19:55.171 [DEBUG] [org.gradle.internal.remote.internal.inet.InetAddressFactory] Adding loopback multicast interface WAN Miniport (PPTP)
23:19:55.171 [DEBUG] [org.gradle.internal.remote.internal.inet.InetAddressFactory] Adding IP addresses for network interface WAN Miniport (PPPOE)
23:19:55.173 [DEBUG] [org.gradle.internal.remote.internal.inet.InetAddressFactory] Is this a loopback interface? false
23:19:55.176 [DEBUG] [org.gradle.internal.remote.internal.inet.InetAddressFactory] Is this a multicast interface? true
23:19:55.176 [DEBUG] [org.gradle.internal.remote.internal.inet.InetAddressFactory] Adding loopback multicast interface WAN Miniport (PPPOE)
23:19:55.177 [DEBUG] [org.gradle.internal.remote.internal.inet.InetAddressFactory] Adding IP addresses for network interface WAN Miniport (IPv6)
23:19:55.183 [DEBUG] [org.gradle.internal.remote.internal.inet.InetAddressFactory] Is this a loopback interface? false
23:19:55.186 [DEBUG] [org.gradle.internal.remote.internal.inet.InetAddressFactory] Is this a multicast interface? true
23:19:55.187 [DEBUG] [org.gradle.internal.remote.internal.inet.InetAddressFactory] Adding loopback multicast interface WAN Miniport (IPv6)
23:19:55.188 [DEBUG] [org.gradle.internal.remote.internal.inet.InetAddressFactory] Adding IP addresses for network interface WAN Miniport (Network Monitor)
23:19:55.190 [DEBUG] [org.gradle.internal.remote.internal.inet.InetAddressFactory] Is this a loopback interface? false
23:19:55.192 [DEBUG] [org.gradle.internal.remote.internal.inet.InetAddressFactory] Is this a multicast interface? true
23:19:55.193 [DEBUG] [org.gradle.internal.remote.internal.inet.InetAddressFactory] Adding loopback multicast interface WAN Miniport (Network Monitor)
23:19:55.193 [DEBUG] [org.gradle.internal.remote.internal.inet.InetAddressFactory] Adding IP addresses for network interface WAN Miniport (IP)
23:19:55.196 [DEBUG] [org.gradle.internal.remote.internal.inet.InetAddressFactory] Is this a loopback interface? false
23:19:55.199 [DEBUG] [org.gradle.internal.remote.internal.inet.InetAddressFactory] Is this a multicast interface? true
23:19:55.200 [DEBUG] [org.gradle.internal.remote.internal.inet.InetAddressFactory] Adding loopback multicast interface WAN Miniport (IP)
23:19:55.200 [DEBUG] [org.gradle.internal.remote.internal.inet.InetAddressFactory] Adding IP addresses for network interface RAS Async Adapter
23:19:55.202 [DEBUG] [org.gradle.internal.remote.internal.inet.InetAddressFactory] Is this a loopback interface? false
23:19:55.206 [DEBUG] [org.gradle.internal.remote.internal.inet.InetAddressFactory] Is this a multicast interface? true
23:19:55.206 [DEBUG] [org.gradle.internal.remote.internal.inet.InetAddressFactory] Adding loopback multicast interface RAS Async Adapter
23:19:55.207 [DEBUG] [org.gradle.internal.remote.internal.inet.InetAddressFactory] Adding IP addresses for network interface Qualcomm Atheros AR8151 PCI-E Gigabit Ethernet Controller (NDIS 6.20)
23:19:55.214 [DEBUG] [org.gradle.internal.remote.internal.inet.InetAddressFactory] Is this a loopback interface? false
23:19:55.218 [DEBUG] [org.gradle.internal.remote.internal.inet.InetAddressFactory] Is this a multicast interface? true
23:19:55.219 [DEBUG] [org.gradle.internal.remote.internal.inet.InetAddressFactory] Adding remote address /fe80:0:0:0:71f0:8a55:64f2:16fa%eth3
23:19:55.219 [DEBUG] [org.gradle.internal.remote.internal.inet.InetAddressFactory] Adding remote multicast interface Qualcomm Atheros AR8151 PCI-E Gigabit Ethernet Controller (NDIS 6.20)
23:19:55.220 [DEBUG] [org.gradle.internal.remote.internal.inet.InetAddressFactory] Adding IP addresses for network interface Qualcomm Atheros AR9002WB-1NG Wireless Network Adapter
23:19:55.222 [DEBUG] [org.gradle.internal.remote.internal.inet.InetAddressFactory] Is this a loopback interface? false
23:19:55.224 [DEBUG] [org.gradle.internal.remote.internal.inet.InetAddressFactory] Is this a multicast interface? true
23:19:55.224 [DEBUG] [org.gradle.internal.remote.internal.inet.InetAddressFactory] Adding remote address /192.168.0.116
23:19:55.225 [DEBUG] [org.gradle.internal.remote.internal.inet.InetAddressFactory] Adding remote address /fe80:0:0:0:a92d:bbba:d09e:e43f%wlan0
23:19:55.225 [DEBUG] [org.gradle.internal.remote.internal.inet.InetAddressFactory] Adding remote multicast interface Qualcomm Atheros AR9002WB-1NG Wireless Network Adapter
23:19:55.225 [DEBUG] [org.gradle.internal.remote.internal.inet.InetAddressFactory] Adding IP addresses for network interface Teredo Tunneling Pseudo-Interface
23:19:55.228 [DEBUG] [org.gradle.internal.remote.internal.inet.InetAddressFactory] Is this a loopback interface? false
23:19:55.232 [DEBUG] [org.gradle.internal.remote.internal.inet.InetAddressFactory] Is this a multicast interface? true
23:19:55.233 [DEBUG] [org.gradle.internal.remote.internal.inet.InetAddressFactory] Adding loopback multicast interface Teredo Tunneling Pseudo-Interface
23:19:55.233 [DEBUG] [org.gradle.internal.remote.internal.inet.InetAddressFactory] Adding IP addresses for network interface Bluetooth Device (RFCOMM Protocol TDI)
23:19:55.235 [DEBUG] [org.gradle.internal.remote.internal.inet.InetAddressFactory] Is this a loopback interface? false
23:19:55.238 [DEBUG] [org.gradle.internal.remote.internal.inet.InetAddressFactory] Is this a multicast interface? true
23:19:55.239 [DEBUG] [org.gradle.internal.remote.internal.inet.InetAddressFactory] Adding loopback multicast interface Bluetooth Device (RFCOMM Protocol TDI)
23:19:55.239 [DEBUG] [org.gradle.internal.remote.internal.inet.InetAddressFactory] Adding IP addresses for network interface Bluetooth Device (Personal Area Network)
23:19:55.241 [DEBUG] [org.gradle.internal.remote.internal.inet.InetAddressFactory] Is this a loopback interface? false
23:19:55.243 [DEBUG] [org.gradle.internal.remote.internal.inet.InetAddressFactory] Is this a multicast interface? true
23:19:55.243 [DEBUG] [org.gradle.internal.remote.internal.inet.InetAddressFactory] Adding remote address /fe80:0:0:0:404c:205:13f0:e0d4%eth4
23:19:55.243 [DEBUG] [org.gradle.internal.remote.internal.inet.InetAddressFactory] Adding remote multicast interface Bluetooth Device (Personal Area Network)
23:19:55.244 [DEBUG] [org.gradle.internal.remote.internal.inet.InetAddressFactory] Adding IP addresses for network interface Remote NDIS based Internet Sharing Device
23:19:55.248 [DEBUG] [org.gradle.internal.remote.internal.inet.InetAddressFactory] Is this a loopback interface? false
23:19:55.251 [DEBUG] [org.gradle.internal.remote.internal.inet.InetAddressFactory] Is this a multicast interface? true
23:19:55.252 [DEBUG] [org.gradle.internal.remote.internal.inet.InetAddressFactory] Adding loopback multicast interface Remote NDIS based Internet Sharing Device
23:19:55.252 [DEBUG] [org.gradle.internal.remote.internal.inet.InetAddressFactory] Adding IP addresses for network interface Qualcomm Atheros AR9002WB-1NG Wireless Network Adapter-Virtual WiFi Filter Driver-0000
23:19:55.254 [DEBUG] [org.gradle.internal.remote.internal.inet.InetAddressFactory] Is this a loopback interface? false
23:19:55.256 [DEBUG] [org.gradle.internal.remote.internal.inet.InetAddressFactory] Is this a multicast interface? true
23:19:55.256 [DEBUG] [org.gradle.internal.remote.internal.inet.InetAddressFactory] Adding loopback multicast interface Qualcomm Atheros AR9002WB-1NG Wireless Network Adapter-Virtual WiFi Filter Driver-0000
23:19:55.256 [DEBUG] [org.gradle.internal.remote.internal.inet.InetAddressFactory] Adding IP addresses for network interface Qualcomm Atheros AR9002WB-1NG Wireless Network Adapter-QoS Packet Scheduler-0000
23:19:55.258 [DEBUG] [org.gradle.internal.remote.internal.inet.InetAddressFactory] Is this a loopback interface? false
23:19:55.260 [DEBUG] [org.gradle.internal.remote.internal.inet.InetAddressFactory] Is this a multicast interface? true
23:19:55.261 [DEBUG] [org.gradle.internal.remote.internal.inet.InetAddressFactory] Adding loopback multicast interface Qualcomm Atheros AR9002WB-1NG Wireless Network Adapter-QoS Packet Scheduler-0000
23:19:55.262 [DEBUG] [org.gradle.internal.remote.internal.inet.InetAddressFactory] Adding IP addresses for network interface Qualcomm Atheros AR8151 PCI-E Gigabit Ethernet Controller (NDIS 6.20)-QoS Packet Scheduler-0000
23:19:55.263 [DEBUG] [org.gradle.internal.remote.internal.inet.InetAddressFactory] Is this a loopback interface? false
23:19:55.266 [DEBUG] [org.gradle.internal.remote.internal.inet.InetAddressFactory] Is this a multicast interface? true
23:19:55.266 [DEBUG] [org.gradle.internal.remote.internal.inet.InetAddressFactory] Adding loopback multicast interface Qualcomm Atheros AR8151 PCI-E Gigabit Ethernet Controller (NDIS 6.20)-QoS Packet Scheduler-0000
23:19:55.266 [DEBUG] [org.gradle.internal.remote.internal.inet.InetAddressFactory] Adding IP addresses for network interface Qualcomm Atheros AR8151 PCI-E Gigabit Ethernet Controller (NDIS 6.20)-WFP LightWeight Filter-0000
23:19:55.268 [DEBUG] [org.gradle.internal.remote.internal.inet.InetAddressFactory] Is this a loopback interface? false
23:19:55.269 [DEBUG] [org.gradle.internal.remote.internal.inet.InetAddressFactory] Is this a multicast interface? true
23:19:55.269 [DEBUG] [org.gradle.internal.remote.internal.inet.InetAddressFactory] Adding loopback multicast interface Qualcomm Atheros AR8151 PCI-E Gigabit Ethernet Controller (NDIS 6.20)-WFP LightWeight Filter-0000
23:19:55.270 [DEBUG] [org.gradle.internal.remote.internal.inet.InetAddressFactory] Adding IP addresses for network interface WAN Miniport (Network Monitor)-QoS Packet Scheduler-0000
23:19:55.271 [DEBUG] [org.gradle.internal.remote.internal.inet.InetAddressFactory] Is this a loopback interface? false
23:19:55.273 [DEBUG] [org.gradle.internal.remote.internal.inet.InetAddressFactory] Is this a multicast interface? true
23:19:55.274 [DEBUG] [org.gradle.internal.remote.internal.inet.InetAddressFactory] Adding loopback multicast interface WAN Miniport (Network Monitor)-QoS Packet Scheduler-0000
23:19:55.274 [DEBUG] [org.gradle.internal.remote.internal.inet.InetAddressFactory] Adding IP addresses for network interface WAN Miniport (IP)-QoS Packet Scheduler-0000
23:19:55.276 [DEBUG] [org.gradle.internal.remote.internal.inet.InetAddressFactory] Is this a loopback interface? false
23:19:55.279 [DEBUG] [org.gradle.internal.remote.internal.inet.InetAddressFactory] Is this a multicast interface? true
23:19:55.279 [DEBUG] [org.gradle.internal.remote.internal.inet.InetAddressFactory] Adding loopback multicast interface WAN Miniport (IP)-QoS Packet Scheduler-0000
23:19:55.279 [DEBUG] [org.gradle.internal.remote.internal.inet.InetAddressFactory] Adding IP addresses for network interface WAN Miniport (IPv6)-QoS Packet Scheduler-0000
23:19:55.282 [DEBUG] [org.gradle.internal.remote.internal.inet.InetAddressFactory] Is this a loopback interface? false
23:19:55.284 [DEBUG] [org.gradle.internal.remote.internal.inet.InetAddressFactory] Is this a multicast interface? true
23:19:55.284 [DEBUG] [org.gradle.internal.remote.internal.inet.InetAddressFactory] Adding loopback multicast interface WAN Miniport (IPv6)-QoS Packet Scheduler-0000
23:19:55.285 [DEBUG] [org.gradle.internal.remote.internal.inet.InetAddressFactory] Adding IP addresses for network interface Qualcomm Atheros AR9002WB-1NG Wireless Network Adapter-Native WiFi Filter Driver-0000
23:19:55.286 [DEBUG] [org.gradle.internal.remote.internal.inet.InetAddressFactory] Is this a loopback interface? false
23:19:55.289 [DEBUG] [org.gradle.internal.remote.internal.inet.InetAddressFactory] Is this a multicast interface? true
23:19:55.289 [DEBUG] [org.gradle.internal.remote.internal.inet.InetAddressFactory] Adding loopback multicast interface Qualcomm Atheros AR9002WB-1NG Wireless Network Adapter-Native WiFi Filter Driver-0000
23:19:55.289 [DEBUG] [org.gradle.internal.remote.internal.inet.InetAddressFactory] Adding IP addresses for network interface Qualcomm Atheros AR9002WB-1NG Wireless Network Adapter-WFP LightWeight Filter-0000
23:19:55.291 [DEBUG] [org.gradle.internal.remote.internal.inet.InetAddressFactory] Is this a loopback interface? false
23:19:55.293 [DEBUG] [org.gradle.internal.remote.internal.inet.InetAddressFactory] Is this a multicast interface? true
23:19:55.293 [DEBUG] [org.gradle.internal.remote.internal.inet.InetAddressFactory] Adding loopback multicast interface Qualcomm Atheros AR9002WB-1NG Wireless Network Adapter-WFP LightWeight Filter-0000
23:19:55.301 [DEBUG] [org.gradle.internal.remote.internal.inet.TcpIncomingConnector] Listening on [df84eaad-b01f-4097-8b20-74e17a770727 port:56751, addresses:[/127.0.0.1, /0:0:0:0:0:0:0:1]].
23:19:55.306 [DEBUG] [org.gradle.launcher.daemon.server.Daemon] Daemon starting at: Mon Sep 26 23:19:55 ICT 2016, with address: [df84eaad-b01f-4097-8b20-74e17a770727 port:56751, addresses:[/127.0.0.1, /0:0:0:0:0:0:0:1]]
23:19:55.306 [INFO] [org.gradle.launcher.daemon.server.DomainRegistryUpdater] Advertising the daemon address to the clients: [df84eaad-b01f-4097-8b20-74e17a770727 port:56751, addresses:[/127.0.0.1, /0:0:0:0:0:0:0:1]]
23:19:55.307 [DEBUG] [org.gradle.launcher.daemon.server.DomainRegistryUpdater] Advertised daemon context: DefaultDaemonContext[uid=4b80757f-aa05-4a69-ad64-4adc16504f84,javaHome=C:\Android\Android Studio\jre,daemonRegistryDir=C:\Users\Asus\.gradle\daemon,pid=5616,idleTimeout=10800000,daemonOpts=-Xmx1536m,-Dfile.encoding=windows-1252,-Duser.country=GB,-Duser.language=en,-Duser.variant]
23:19:55.309 [DEBUG] [org.gradle.launcher.daemon.registry.PersistentDaemonRegistry] Storing daemon address: [df84eaad-b01f-4097-8b20-74e17a770727 port:56751, addresses:[/127.0.0.1, /0:0:0:0:0:0:0:1]], context: DefaultDaemonContext[uid=4b80757f-aa05-4a69-ad64-4adc16504f84,javaHome=C:\Android\Android Studio\jre,daemonRegistryDir=C:\Users\Asus\.gradle\daemon,pid=5616,idleTimeout=10800000,daemonOpts=-Xmx1536m,-Dfile.encoding=windows-1252,-Duser.country=GB,-Duser.language=en,-Duser.variant]
23:19:55.327 [DEBUG] [org.gradle.cache.internal.DefaultFileLockManager] Waiting to acquire exclusive lock on daemon addresses registry.
23:19:55.330 [DEBUG] [org.gradle.cache.internal.DefaultFileLockManager] Lock acquired.
23:19:55.382 [DEBUG] [org.gradle.cache.internal.DefaultFileLockManager] Releasing lock on daemon addresses registry.
23:19:55.383 [LIFECYCLE] [org.gradle.launcher.daemon.server.Daemon] Daemon server started.
23:19:55.387 [DEBUG] [org.gradle.launcher.daemon.bootstrap.DaemonStartupCommunication] Completed writing the daemon greeting. Closing streams...
23:19:55.402 [DEBUG] [org.gradle.launcher.daemon.server.Daemon] stopOnExpiration() called on daemon
23:19:55.404 [DEBUG] [org.gradle.launcher.daemon.server.Daemon] awaitExpiration() called on daemon
23:19:55.405 [DEBUG] [org.gradle.launcher.daemon.server.DaemonStateCoordinator] daemon is running. Sleeping until state changes.
23:19:55.423 [DEBUG] [org.gradle.internal.remote.internal.inet.TcpIncomingConnector] Accepted connection from /127.0.0.1:56755 to /127.0.0.1:56751.
23:19:55.704 [DEBUG] [org.gradle.launcher.daemon.server.SynchronizedDispatchConnection] thread 16: received class org.gradle.launcher.daemon.protocol.Build
23:19:55.705 [DEBUG] [org.gradle.launcher.daemon.server.DefaultDaemonConnection] thread 16: Received non-IO message from client: Build{id=2fc1511b-7fa8-416e-bb3d-8e9287fe49a1.1, currentDir=E:\My Project\Android Project\JasaService}
23:19:55.706 [INFO] [org.gradle.launcher.daemon.server.DefaultIncomingConnectionHandler] Received command: Build{id=2fc1511b-7fa8-416e-bb3d-8e9287fe49a1.1, currentDir=E:\My Project\Android Project\JasaService}.
23:19:55.714 [DEBUG] [org.gradle.launcher.daemon.server.DefaultIncomingConnectionHandler] Starting executing command: Build{id=2fc1511b-7fa8-416e-bb3d-8e9287fe49a1.1, currentDir=E:\My Project\Android Project\JasaService} with connection: socket connection from /127.0.0.1:56751 to /127.0.0.1:56755.
23:19:55.728 [DEBUG] [org.gradle.launcher.daemon.server.DaemonStateCoordinator] Command execution: started DaemonCommandExecution[command = Build{id=2fc1511b-7fa8-416e-bb3d-8e9287fe49a1.1, currentDir=E:\My Project\Android Project\JasaService}, connection = org.gradle.launcher.daemon.server.DefaultDaemonConnection@64f3706f] after 0.0 minutes of idle
23:19:55.729 [INFO] [org.gradle.launcher.daemon.server.DomainRegistryUpdater] Marking the daemon as busy, address: [df84eaad-b01f-4097-8b20-74e17a770727 port:56751, addresses:[/127.0.0.1, /0:0:0:0:0:0:0:1]]
23:19:55.729 [DEBUG] [org.gradle.launcher.daemon.registry.PersistentDaemonRegistry] Marking busy by address: [df84eaad-b01f-4097-8b20-74e17a770727 port:56751, addresses:[/127.0.0.1, /0:0:0:0:0:0:0:1]]
23:19:55.731 [DEBUG] [org.gradle.cache.internal.DefaultFileLockManager] Waiting to acquire exclusive lock on daemon addresses registry.
23:19:55.732 [DEBUG] [org.gradle.cache.internal.DefaultFileLockManager] Lock acquired.
23:19:55.740 [DEBUG] [org.gradle.cache.internal.DefaultFileLockManager] Releasing lock on daemon addresses registry.
23:19:55.741 [DEBUG] [org.gradle.launcher.daemon.server.DaemonStateCoordinator] updating lastActivityAt to 1474906795741
23:19:55.741 [DEBUG] [org.gradle.launcher.daemon.server.DaemonStateCoordinator] daemon is running. Sleeping until state changes.
23:19:55.742 [INFO] [org.gradle.launcher.daemon.server.exec.StartBuildOrRespondWithBusy] Daemon is about to start building Build{id=2fc1511b-7fa8-416e-bb3d-8e9287fe49a1.1, currentDir=E:\My Project\Android Project\JasaService}. Dispatching build started information...
23:19:55.743 [DEBUG] [org.gradle.launcher.daemon.server.SynchronizedDispatchConnection] thread 18: dispatching class org.gradle.launcher.daemon.protocol.BuildStarted
23:19:55.748 [DEBUG] [org.gradle.launcher.daemon.server.exec.EstablishBuildEnvironment] Configuring env variables: {LOCALAPPDATA=C:\Users\Asus\AppData\Local, PROCESSOR_LEVEL=6, FP_NO_HOST_CHECK=NO, USERDOMAIN=Asus-PC, LOGONSERVER=\\ASUS-PC, JAVA_HOME=C:\Program Files\Java\jdk1.7.0_79, SESSIONNAME=Console, ALLUSERSPROFILE=C:\ProgramData, PROCESSOR_ARCHITECTURE=AMD64, PSModulePath=C:\Windows\system32\WindowsPowerShell\v1.0\Modules\, SystemDrive=C:, APPDATA=C:\Users\Asus\AppData\Roaming, MOZ_PLUGIN_PATH=C:\Program Files (x86)\Foxit Software\Foxit Reader\plugins\, USERNAME=Asus, ProgramFiles(x86)=C:\Program Files (x86), CommonProgramFiles=C:\Program Files\Common Files, GPU_MAX_ALLOC_PERCENT=80, Path=C:\ProgramData\Oracle\Java\javapath;C:\Windows\system32;C:\Windows;C:\Windows\System32\Wbem;C:\Windows\System32\WindowsPowerShell\v1.0\;C:\Program Files (x86)\NVIDIA Corporation\PhysX\Common;C:\Program Files\Java\jdk1.7.0_79\bin;C:\Program Files\nodejs\;C:\Program Files\Git\bin;C:\Program Files (x86)\Microsoft SQL Server\100\Tools\Binn\;C:\Program Files\Microsoft SQL Server\100\Tools\Binn\;C:\Program Files\Microsoft SQL Server\100\DTS\Binn\;C:\Program Files (x86)\Microsoft SQL Server\100\Tools\Binn\VSShell\Common7\IDE\;C:\Program Files (x86)\Microsoft Visual Studio 9.0\Common7\IDE\PrivateAssemblies\;C:\Program Files (x86)\Microsoft SQL Server\100\DTS\Binn\;C:\Users\Asus\AppData\Roaming\npm, PATHEXT=.COM;.EXE;.BAT;.CMD;.VBS;.VBE;.JS;.JSE;.WSF;.WSH;.MSC, OS=Windows_NT, COMPUTERNAME=ASUS-PC, PROCESSOR_REVISION=2a07, CommonProgramW6432=C:\Program Files\Common Files, ComSpec=C:\Windows\system32\cmd.exe, ProgramData=C:\ProgramData, ProgramW6432=C:\Program Files, HOMEPATH=\Users\Asus, SystemRoot=C:\Windows, TEMP=C:\Users\Asus\AppData\Local\Temp, HOMEDRIVE=C:, PROCESSOR_IDENTIFIER=Intel64 Family 6 Model 42 Stepping 7, GenuineIntel, USERPROFILE=C:\Users\Asus, TMP=C:\Users\Asus\AppData\Local\Temp, CommonProgramFiles(x86)=C:\Program Files (x86)\Common Files, ProgramFiles=C:\Program Files, PUBLIC=C:\Users\Public, NUMBER_OF_PROCESSORS=4, windir=C:\Windows, =::=::\}
23:19:55.765 [DEBUG] [org.gradle.launcher.daemon.server.SynchronizedDispatchConnection] thread 16: received class org.gradle.launcher.daemon.protocol.CloseInput
23:19:55.766 [DEBUG] [org.gradle.launcher.daemon.server.DefaultDaemonConnection] thread 16: Received IO message from client: org.gradle.launcher.daemon.protocol.CloseInput@3cf1feac
23:19:55.781 [DEBUG] [org.gradle.launcher.daemon.server.exec.LogToClient] About to start relaying all logs to the client via the connection.
23:19:55.782 [INFO] [org.gradle.launcher.daemon.server.exec.LogToClient] The client will now receive all logging from the daemon (pid: 5616). The daemon log file: C:\Users\Asus\.gradle\daemon\2.14.1\daemon-5616.out.log
23:19:55.787 [INFO] [org.gradle.launcher.daemon.server.health.DaemonHealthTracker] Starting build in new daemon [memory: 1.4 GB]
23:19:55.797 [DEBUG] [org.gradle.launcher.daemon.server.exec.ExecuteBuild] The daemon has started executing the build.
23:19:55.798 [INFO] [org.gradle.launcher.daemon.server.exec.ExecuteBuild] Executing build with daemon context: DefaultDaemonContext[uid=4b80757f-aa05-4a69-ad64-4adc16504f84,javaHome=C:\Android\Android Studio\jre,daemonRegistryDir=C:\Users\Asus\.gradle\daemon,pid=5616,idleTimeout=10800000,daemonOpts=-Xmx1536m,-Dfile.encoding=windows-1252,-Duser.country=GB,-Duser.language=en,-Duser.variant]
23:19:55.811 [INFO] [org.gradle.launcher.daemon.server.exec.ForwardClientInput] Closing daemon's stdin at end of input.
23:19:55.811 [INFO] [org.gradle.launcher.daemon.server.exec.ForwardClientInput] The daemon will no longer process any standard input.
Incremental java compilation is an incubating feature.

CONFIGURE SUCCESSFUL

Total time: 43.347 secs
The Test.testSrcDirs property has been deprecated and is scheduled to be removed in Gradle 3.0. Support for TestNG Javadoc annotations will be removed in Gradle 3.0.
23:20:33.117 [DEBUG] [org.gradle.cache.internal.DefaultCacheAccess] Cache Generated Gradle JARs cache (C:\Users\Asus\.gradle\caches\2.14.1\generated-gradle-jars) was closed 0 times.
23:20:33.119 [DEBUG] [org.gradle.cache.internal.btree.BTreePersistentIndexedCache] Closing cache artifact-at-repository.bin (C:\Users\Asus\.gradle\caches\modules-2\metadata-2.16\artifact-at-repository.bin)
23:20:33.120 [DEBUG] [org.gradle.cache.internal.btree.BTreePersistentIndexedCache] Closing cache module-metadata.bin (C:\Users\Asus\.gradle\caches\modules-2\metadata-2.16\module-metadata.bin)
23:20:33.120 [DEBUG] [org.gradle.cache.internal.btree.BTreePersistentIndexedCache] Closing cache module-artifacts.bin (C:\Users\Asus\.gradle\caches\modules-2\metadata-2.16\module-artifacts.bin)
23:20:33.121 [DEBUG] [org.gradle.cache.internal.DefaultFileLockManager] Releasing lock on artifact cache (C:\Users\Asus\.gradle\caches\modules-2).
23:20:33.123 [DEBUG] [org.gradle.api.internal.artifacts.ivyservice.resolveengine.store.CachedStoreFactory] Resolution result cache closed. Cache reads: 0, disk reads: 0 (avg: 0.0 secs, total: 0.0 secs)
23:20:33.125 [DEBUG] [org.gradle.api.internal.artifacts.ivyservice.resolveengine.store.CachedStoreFactory] Resolution result cache closed. Cache reads: 4, disk reads: 8 (avg: 0.023 secs, total: 0.188 secs)
23:20:33.125 [DEBUG] [org.gradle.api.internal.artifacts.ivyservice.resolveengine.store.ResolutionResultsStoreFactory] Deleted 2 resolution results binary files in 0.004 secs
23:20:33.126 [DEBUG] [org.gradle.api.internal.artifacts.ivyservice.ivyresolve.memcache.InMemoryCachedRepositoryFactory] In-memory dependency metadata cache closed. Repos cached: 49, cache instances: 5, modules served from cache: 217, artifacts: 56
23:20:33.126 [DEBUG] [org.gradle.cache.internal.DefaultCacheAccess] Cache Plugin Resolution Cache (C:\Users\Asus\.gradle\caches\2.14.1\plugin-resolution) was closed 0 times.
23:20:33.127 [DEBUG] [org.gradle.api.internal.tasks.compile.daemon.CompilerDaemonManager] Stopping 0 compiler daemon(s).
23:20:33.128 [INFO] [org.gradle.api.internal.tasks.compile.daemon.CompilerDaemonManager] Stopped 0 compiler daemon(s).
23:20:33.128 [DEBUG] [org.gradle.cache.internal.DefaultFileLockManager] Releasing lock on jars (C:\Users\Asus\.gradle\caches\jars-1).
23:20:33.129 [DEBUG] [org.gradle.launcher.daemon.server.exec.ExecuteBuild] The daemon has finished executing the build.
23:20:33.778 [DEBUG] [org.gradle.launcher.daemon.server.DaemonStateCoordinator] daemon is running. Sleeping until state changes.
23:20:33.779 [DEBUG] [org.gradle.launcher.daemon.server.DaemonStateCoordinator] Command execution: finished waiting for DaemonCommandExecution[command = Build{id=2fc1511b-7fa8-416e-bb3d-8e9287fe49a1.1, currentDir=E:\My Project\Android Project\JasaService}, connection = org.gradle.launcher.daemon.server.DefaultDaemonConnection@64f3706f]. Result org.gradle.launcher.daemon.server.DaemonStateCoordinator@27b50557 with state Running
23:20:33.779 [DEBUG] [org.gradle.launcher.daemon.server.DaemonStateCoordinator] Command execution: completed DaemonCommandExecution[command = Build{id=2fc1511b-7fa8-416e-bb3d-8e9287fe49a1.1, currentDir=E:\My Project\Android Project\JasaService}, connection = org.gradle.launcher.daemon.server.DefaultDaemonConnection@64f3706f]
23:20:33.780 [DEBUG] [org.gradle.launcher.daemon.server.DaemonStateCoordinator] updating lastActivityAt to 1474906833780
23:20:33.780 [INFO] [org.gradle.launcher.daemon.server.DomainRegistryUpdater] Marking the daemon as idle, address: [df84eaad-b01f-4097-8b20-74e17a770727 port:56751, addresses:[/127.0.0.1, /0:0:0:0:0:0:0:1]]
23:20:33.786 [DEBUG] [org.gradle.launcher.daemon.registry.PersistentDaemonRegistry] Marking idle by address: [df84eaad-b01f-4097-8b20-74e17a770727 port:56751, addresses:[/127.0.0.1, /0:0:0:0:0:0:0:1]]
23:20:33.789 [DEBUG] [org.gradle.cache.internal.DefaultFileLockManager] Waiting to acquire exclusive lock on daemon addresses registry.
23:20:33.790 [DEBUG] [org.gradle.cache.internal.DefaultFileLockManager] Lock acquired.
23:20:33.795 [DEBUG] [org.gradle.cache.internal.DefaultFileLockManager] Releasing lock on daemon addresses registry.
23:20:33.797 [DEBUG] [org.gradle.launcher.daemon.server.exec.ReturnResult] Daemon is dispatching the build result: Success[value=org.gradle.tooling.internal.provider.BuildActionResult@5373669b]
23:20:33.797 [DEBUG] [org.gradle.launcher.daemon.server.SynchronizedDispatchConnection] thread 15: dispatching class org.gradle.launcher.daemon.protocol.Success
23:20:33.800 [DEBUG] [org.gradle.launcher.daemon.server.DaemonStateCoordinator] daemon is running. Sleeping until state changes.
23:20:33.911 [DEBUG] [org.gradle.launcher.daemon.server.DefaultIncomingConnectionHandler] Finishing executing command: Build{id=2fc1511b-7fa8-416e-bb3d-8e9287fe49a1.1, currentDir=E:\My Project\Android Project\JasaService}
23:20:33.926 [DEBUG] [org.gradle.launcher.daemon.server.SynchronizedDispatchConnection] thread 16: received class org.gradle.launcher.daemon.protocol.Finished
23:20:33.927 [DEBUG] [org.gradle.launcher.daemon.server.DefaultDaemonConnection] thread 16: Received non-IO message from client: org.gradle.launcher.daemon.protocol.Finished@725ce69c
23:20:33.927 [DEBUG] [org.gradle.launcher.daemon.server.DefaultIncomingConnectionHandler] Received finished message: org.gradle.launcher.daemon.protocol.Finished@725ce69c
23:20:33.928 [DEBUG] [org.gradle.launcher.daemon.server.SynchronizedDispatchConnection] thread 15: stopping connection
23:20:33.928 [DEBUG] [org.gradle.internal.remote.internal.inet.SocketConnection] Discarding EOFException: java.io.EOFException
23:20:33.930 [DEBUG] [org.gradle.launcher.daemon.server.SynchronizedDispatchConnection] thread 16: received null
23:20:33.931 [DEBUG] [org.gradle.launcher.daemon.server.DefaultDaemonConnection] thread 16: Received end-of-input from client.
23:20:33.933 [DEBUG] [org.gradle.launcher.daemon.server.SynchronizedDispatchConnection] thread 15: stopping connection
23:20:38.546 [DEBUG] [org.gradle.internal.remote.internal.inet.TcpIncomingConnector] Accepted connection from /127.0.0.1:56787 to /127.0.0.1:56751.
23:20:38.577 [DEBUG] [org.gradle.launcher.daemon.server.SynchronizedDispatchConnection] thread 22: received class org.gradle.launcher.daemon.protocol.Build
23:20:38.577 [DEBUG] [org.gradle.launcher.daemon.server.DefaultDaemonConnection] thread 22: Received non-IO message from client: Build{id=8a70ee6e-2822-44cd-995c-e1194df10e4a.1, currentDir=E:\My Project\Android Project\JasaService}
23:20:38.578 [INFO] [org.gradle.launcher.daemon.server.DefaultIncomingConnectionHandler] Received command: Build{id=8a70ee6e-2822-44cd-995c-e1194df10e4a.1, currentDir=E:\My Project\Android Project\JasaService}.
23:20:38.578 [DEBUG] [org.gradle.launcher.daemon.server.DefaultIncomingConnectionHandler] Starting executing command: Build{id=8a70ee6e-2822-44cd-995c-e1194df10e4a.1, currentDir=E:\My Project\Android Project\JasaService} with connection: socket connection from /127.0.0.1:56751 to /127.0.0.1:56787.
23:20:38.579 [DEBUG] [org.gradle.launcher.daemon.server.DaemonStateCoordinator] Command execution: started DaemonCommandExecution[command = Build{id=8a70ee6e-2822-44cd-995c-e1194df10e4a.1, currentDir=E:\My Project\Android Project\JasaService}, connection = org.gradle.launcher.daemon.server.DefaultDaemonConnection@23761108] after 0.0 minutes of idle
23:20:38.579 [INFO] [org.gradle.launcher.daemon.server.DomainRegistryUpdater] Marking the daemon as busy, address: [df84eaad-b01f-4097-8b20-74e17a770727 port:56751, addresses:[/127.0.0.1, /0:0:0:0:0:0:0:1]]
23:20:38.580 [DEBUG] [org.gradle.launcher.daemon.registry.PersistentDaemonRegistry] Marking busy by address: [df84eaad-b01f-4097-8b20-74e17a770727 port:56751, addresses:[/127.0.0.1, /0:0:0:0:0:0:0:1]]
23:20:38.581 [DEBUG] [org.gradle.cache.internal.DefaultFileLockManager] Waiting to acquire exclusive lock on daemon addresses registry.
23:20:38.582 [DEBUG] [org.gradle.cache.internal.DefaultFileLockManager] Lock acquired.
23:20:38.587 [DEBUG] [org.gradle.cache.internal.DefaultFileLockManager] Releasing lock on daemon addresses registry.
23:20:38.590 [DEBUG] [org.gradle.launcher.daemon.server.DaemonStateCoordinator] updating lastActivityAt to 1474906838590
23:20:38.591 [INFO] [org.gradle.launcher.daemon.server.exec.StartBuildOrRespondWithBusy] Daemon is about to start building Build{id=8a70ee6e-2822-44cd-995c-e1194df10e4a.1, currentDir=E:\My Project\Android Project\JasaService}. Dispatching build started information...
23:20:38.591 [DEBUG] [org.gradle.launcher.daemon.server.SynchronizedDispatchConnection] thread 18: dispatching class org.gradle.launcher.daemon.protocol.BuildStarted
23:20:38.593 [DEBUG] [org.gradle.launcher.daemon.server.exec.EstablishBuildEnvironment] Configuring env variables: {LOCALAPPDATA=C:\Users\Asus\AppData\Local, PROCESSOR_LEVEL=6, FP_NO_HOST_CHECK=NO, USERDOMAIN=Asus-PC, LOGONSERVER=\\ASUS-PC, JAVA_HOME=C:\Program Files\Java\jdk1.7.0_79, SESSIONNAME=Console, ALLUSERSPROFILE=C:\ProgramData, PROCESSOR_ARCHITECTURE=AMD64, PSModulePath=C:\Windows\system32\WindowsPowerShell\v1.0\Modules\, SystemDrive=C:, APPDATA=C:\Users\Asus\AppData\Roaming, MOZ_PLUGIN_PATH=C:\Program Files (x86)\Foxit Software\Foxit Reader\plugins\, USERNAME=Asus, ProgramFiles(x86)=C:\Program Files (x86), CommonProgramFiles=C:\Program Files\Common Files, GPU_MAX_ALLOC_PERCENT=80, Path=C:\ProgramData\Oracle\Java\javapath;C:\Windows\system32;C:\Windows;C:\Windows\System32\Wbem;C:\Windows\System32\WindowsPowerShell\v1.0\;C:\Program Files (x86)\NVIDIA Corporation\PhysX\Common;C:\Program Files\Java\jdk1.7.0_79\bin;C:\Program Files\nodejs\;C:\Program Files\Git\bin;C:\Program Files (x86)\Microsoft SQL Server\100\Tools\Binn\;C:\Program Files\Microsoft SQL Server\100\Tools\Binn\;C:\Program Files\Microsoft SQL Server\100\DTS\Binn\;C:\Program Files (x86)\Microsoft SQL Server\100\Tools\Binn\VSShell\Common7\IDE\;C:\Program Files (x86)\Microsoft Visual Studio 9.0\Common7\IDE\PrivateAssemblies\;C:\Program Files (x86)\Microsoft SQL Server\100\DTS\Binn\;C:\Users\Asus\AppData\Roaming\npm, PATHEXT=.COM;.EXE;.BAT;.CMD;.VBS;.VBE;.JS;.JSE;.WSF;.WSH;.MSC, OS=Windows_NT, COMPUTERNAME=ASUS-PC, PROCESSOR_REVISION=2a07, CommonProgramW6432=C:\Program Files\Common Files, ComSpec=C:\Windows\system32\cmd.exe, ProgramData=C:\ProgramData, ProgramW6432=C:\Program Files, HOMEPATH=\Users\Asus, SystemRoot=C:\Windows, TEMP=C:\Users\Asus\AppData\Local\Temp, HOMEDRIVE=C:, PROCESSOR_IDENTIFIER=Intel64 Family 6 Model 42 Stepping 7, GenuineIntel, USERPROFILE=C:\Users\Asus, TMP=C:\Users\Asus\AppData\Local\Temp, CommonProgramFiles(x86)=C:\Program Files (x86)\Common Files, ProgramFiles=C:\Program Files, PUBLIC=C:\Users\Public, NUMBER_OF_PROCESSORS=4, windir=C:\Windows, =::=::\}
23:20:38.595 [DEBUG] [org.gradle.launcher.daemon.server.exec.LogToClient] About to start relaying all logs to the client via the connection.
23:20:38.595 [INFO] [org.gradle.launcher.daemon.server.exec.LogToClient] The client will now receive all logging from the daemon (pid: 5616). The daemon log file: C:\Users\Asus\.gradle\daemon\2.14.1\daemon-5616.out.log
23:20:38.596 [INFO] [org.gradle.launcher.daemon.server.health.DaemonHealthTracker] Starting 2nd build in daemon [uptime: 43.683 secs, performance: 98%]
23:20:38.597 [DEBUG] [org.gradle.launcher.daemon.server.exec.ExecuteBuild] The daemon has started executing the build.
23:20:38.598 [INFO] [org.gradle.launcher.daemon.server.exec.ExecuteBuild] Executing build with daemon context: DefaultDaemonContext[uid=4b80757f-aa05-4a69-ad64-4adc16504f84,javaHome=C:\Android\Android Studio\jre,daemonRegistryDir=C:\Users\Asus\.gradle\daemon,pid=5616,idleTimeout=10800000,daemonOpts=-Xmx1536m,-Dfile.encoding=windows-1252,-Duser.country=GB,-Duser.language=en,-Duser.variant]
23:20:38.598 [DEBUG] [org.gradle.launcher.daemon.server.DaemonStateCoordinator] daemon is running. Sleeping until state changes.
Configuration on demand is an incubating feature.
Incremental java compilation is an incubating feature.
:app:preBuild UP-TO-DATE
:app:preDebugBuild UP-TO-DATE
:app:checkDebugManifest
:app:preReleaseBuild UP-TO-DATE
:app:prepareComAndroidSupportAnimatedVectorDrawable2421Library UP-TO-DATE
:app:prepareComAndroidSupportAppcompatV72421Library UP-TO-DATE
:app:prepareComAndroidSupportSupportCompat2421Library UP-TO-DATE
:app:prepareComAndroidSupportSupportCoreUi2421Library UP-TO-DATE
:app:prepareComAndroidSupportSupportCoreUtils2421Library UP-TO-DATE
:app:prepareComAndroidSupportSupportFragment2421Library UP-TO-DATE
:app:prepareComAndroidSupportSupportMediaCompat2421Library UP-TO-DATE
:app:prepareComAndroidSupportSupportV42421Library UP-TO-DATE
:app:prepareComAndroidSupportSupportVectorDrawable2421Library UP-TO-DATE
:app:prepareDebugDependencies
:app:compileDebugAidl UP-TO-DATE
:app:compileDebugRenderscript UP-TO-DATE
:app:generateDebugBuildConfig UP-TO-DATE
:app:generateDebugResValues UP-TO-DATE
:app:generateDebugResources UP-TO-DATE
:app:mergeDebugResources
:app:processDebugManifest
:app:processDebugResourcesAGPBI: {"kind":"error","text":"No resource found that matches the given name (at \u0027resource\u0027 with value \u0027@xml/file_paths\u0027).","sources":[{"file":"E:\\My Project\\Android Project\\JasaService\\app\\build\\intermediates\\manifests\\full\\debug\\AndroidManifest.xml","position":{"startLine":36,"startColumn":30,"startOffset":1716,"endColumn":45,"endOffset":1731}}],"original":"","tool":"AAPT"}
E:\My Project\Android Project\JasaService\app\build\intermediates\manifests\full\debug\AndroidManifest.xml:35: error: Error: No resource found that matches the given name (at 'resource' with value '@xml/file_paths').


 FAILED

FAILURE: Build failed with an exception.

* What went wrong:
Execution failed for task ':app:processDebugResources'.
> com.android.ide.common.process.ProcessException: Failed to execute aapt

* Try:
Run with --stacktrace option to get the stack trace. Run with --info or --debug option to get more log output.

BUILD FAILED

Total time: 34.053 secs
23:21:12.665 [DEBUG] [org.gradle.cache.internal.btree.BTreePersistentIndexedCache] Closing cache fileSnapshotsToTreeSnapshotsIndex.bin (E:\My Project\Android Project\JasaService\.gradle\2.14.1\taskArtifacts\fileSnapshotsToTreeSnapshotsIndex.bin)
23:21:12.666 [DEBUG] [org.gradle.cache.internal.btree.BTreePersistentIndexedCache] Closing cache fileHashes.bin (E:\My Project\Android Project\JasaService\.gradle\2.14.1\taskArtifacts\fileHashes.bin)
23:21:12.667 [DEBUG] [org.gradle.cache.internal.btree.BTreePersistentIndexedCache] Closing cache fileSnapshots.bin (E:\My Project\Android Project\JasaService\.gradle\2.14.1\taskArtifacts\fileSnapshots.bin)
23:21:12.667 [DEBUG] [org.gradle.cache.internal.btree.BTreePersistentIndexedCache] Closing cache taskArtifacts.bin (E:\My Project\Android Project\JasaService\.gradle\2.14.1\taskArtifacts\taskArtifacts.bin)
23:21:12.676 [DEBUG] [org.gradle.cache.internal.DefaultFileLockManager] Releasing lock on task history cache (E:\My Project\Android Project\JasaService\.gradle\2.14.1\taskArtifacts).
23:21:12.677 [DEBUG] [org.gradle.cache.internal.DefaultCacheAccess] Cache Generated Gradle JARs cache (C:\Users\Asus\.gradle\caches\2.14.1\generated-gradle-jars) was closed 0 times.
23:21:12.677 [DEBUG] [org.gradle.cache.internal.btree.BTreePersistentIndexedCache] Closing cache module-metadata.bin (C:\Users\Asus\.gradle\caches\modules-2\metadata-2.16\module-metadata.bin)
23:21:12.678 [DEBUG] [org.gradle.cache.internal.btree.BTreePersistentIndexedCache] Closing cache artifact-at-repository.bin (C:\Users\Asus\.gradle\caches\modules-2\metadata-2.16\artifact-at-repository.bin)
23:21:12.678 [DEBUG] [org.gradle.cache.internal.DefaultFileLockManager] Releasing lock on artifact cache (C:\Users\Asus\.gradle\caches\modules-2).
23:21:12.681 [DEBUG] [org.gradle.api.internal.artifacts.ivyservice.resolveengine.store.CachedStoreFactory] Resolution result cache closed. Cache reads: 0, disk reads: 0 (avg: 0.0 secs, total: 0.0 secs)
23:21:12.683 [DEBUG] [org.gradle.api.internal.artifacts.ivyservice.resolveengine.store.CachedStoreFactory] Resolution result cache closed. Cache reads: 0, disk reads: 10 (avg: 0.094 secs, total: 0.947 secs)
23:21:12.684 [DEBUG] [org.gradle.api.internal.artifacts.ivyservice.resolveengine.store.ResolutionResultsStoreFactory] Deleted 2 resolution results binary files in 0.005 secs
23:21:12.684 [DEBUG] [org.gradle.api.internal.artifacts.ivyservice.ivyresolve.memcache.InMemoryCachedRepositoryFactory] In-memory dependency metadata cache closed. Repos cached: 52, cache instances: 5, modules served from cache: 215, artifacts: 81
23:21:12.685 [DEBUG] [org.gradle.cache.internal.DefaultCacheAccess] Cache Plugin Resolution Cache (C:\Users\Asus\.gradle\caches\2.14.1\plugin-resolution) was closed 0 times.
23:21:12.685 [DEBUG] [org.gradle.api.internal.tasks.compile.daemon.CompilerDaemonManager] Stopping 0 compiler daemon(s).
23:21:12.686 [INFO] [org.gradle.api.internal.tasks.compile.daemon.CompilerDaemonManager] Stopped 0 compiler daemon(s).
23:21:12.686 [DEBUG] [org.gradle.launcher.daemon.server.exec.ExecuteBuild] The daemon has finished executing the build.
23:21:12.702 [DEBUG] [org.gradle.launcher.daemon.server.DaemonStateCoordinator] Command execution: finished waiting for DaemonCommandExecution[command = Build{id=8a70ee6e-2822-44cd-995c-e1194df10e4a.1, currentDir=E:\My Project\Android Project\JasaService}, connection = org.gradle.launcher.daemon.server.DefaultDaemonConnection@23761108]. Result org.gradle.launcher.daemon.server.DaemonStateCoordinator@27b50557 with state Running
23:21:12.703 [DEBUG] [org.gradle.launcher.daemon.server.DaemonStateCoordinator] Command execution: completed DaemonCommandExecution[command = Build{id=8a70ee6e-2822-44cd-995c-e1194df10e4a.1, currentDir=E:\My Project\Android Project\JasaService}, connection = org.gradle.launcher.daemon.server.DefaultDaemonConnection@23761108]
23:21:12.704 [DEBUG] [org.gradle.launcher.daemon.server.DaemonStateCoordinator] updating lastActivityAt to 1474906872704
23:21:12.704 [INFO] [org.gradle.launcher.daemon.server.DomainRegistryUpdater] Marking the daemon as idle, address: [df84eaad-b01f-4097-8b20-74e17a770727 port:56751, addresses:[/127.0.0.1, /0:0:0:0:0:0:0:1]]
23:21:12.704 [DEBUG] [org.gradle.launcher.daemon.registry.PersistentDaemonRegistry] Marking idle by address: [df84eaad-b01f-4097-8b20-74e17a770727 port:56751, addresses:[/127.0.0.1, /0:0:0:0:0:0:0:1]]
23:21:12.706 [DEBUG] [org.gradle.cache.internal.DefaultFileLockManager] Waiting to acquire exclusive lock on daemon addresses registry.
23:21:12.707 [DEBUG] [org.gradle.cache.internal.DefaultFileLockManager] Lock acquired.
23:21:12.718 [DEBUG] [org.gradle.cache.internal.DefaultFileLockManager] Releasing lock on daemon addresses registry.
23:21:12.719 [DEBUG] [org.gradle.launcher.daemon.server.DaemonStateCoordinator] daemon is running. Sleeping until state changes.
23:21:12.719 [DEBUG] [org.gradle.launcher.daemon.server.exec.ReturnResult] Daemon is dispatching the build result: Failure[value=org.gradle.initialization.ReportedException: org.gradle.internal.exceptions.LocationAwareException: Execution failed for task ':app:processDebugResources'.]
23:21:12.721 [DEBUG] [org.gradle.launcher.daemon.server.SynchronizedDispatchConnection] thread 15: dispatching class org.gradle.launcher.daemon.protocol.Failure
23:21:12.940 [DEBUG] [org.gradle.launcher.daemon.server.DefaultIncomingConnectionHandler] Finishing executing command: Build{id=8a70ee6e-2822-44cd-995c-e1194df10e4a.1, currentDir=E:\My Project\Android Project\JasaService}
23:21:12.960 [DEBUG] [org.gradle.launcher.daemon.server.SynchronizedDispatchConnection] thread 22: received class org.gradle.launcher.daemon.protocol.Finished
23:21:12.961 [DEBUG] [org.gradle.launcher.daemon.server.DefaultDaemonConnection] thread 22: Received non-IO message from client: org.gradle.launcher.daemon.protocol.Finished@2d5b6082
23:21:12.961 [DEBUG] [org.gradle.internal.remote.internal.inet.SocketConnection] Discarding EOFException: java.io.EOFException
23:21:12.961 [DEBUG] [org.gradle.launcher.daemon.server.SynchronizedDispatchConnection] thread 22: received null
23:21:12.962 [DEBUG] [org.gradle.launcher.daemon.server.DefaultDaemonConnection] thread 22: Received end-of-input from client.
23:21:12.962 [DEBUG] [org.gradle.launcher.daemon.server.DefaultIncomingConnectionHandler] Received finished message: null
23:21:12.962 [DEBUG] [org.gradle.launcher.daemon.server.SynchronizedDispatchConnection] thread 15: stopping connection
23:21:12.971 [DEBUG] [org.gradle.launcher.daemon.server.SynchronizedDispatchConnection] thread 15: stopping connection
23:21:55.406 [DEBUG] [org.gradle.launcher.daemon.server.Daemon] DaemonExpirationPeriodicCheck running
23:21:55.410 [DEBUG] [org.gradle.cache.internal.DefaultFileLockManager] Waiting to acquire shared lock on daemon addresses registry.
23:21:55.411 [DEBUG] [org.gradle.cache.internal.DefaultFileLockManager] Lock acquired.
23:21:55.421 [DEBUG] [org.gradle.cache.internal.DefaultFileLockManager] Releasing lock on daemon addresses registry.
23:22:12.401 [DEBUG] [org.gradle.internal.remote.internal.inet.TcpIncomingConnector] Accepted connection from /127.0.0.1:56808 to /127.0.0.1:56751.
23:22:12.428 [DEBUG] [org.gradle.launcher.daemon.server.SynchronizedDispatchConnection] thread 34: received class org.gradle.launcher.daemon.protocol.StopWhenIdle
23:22:12.428 [DEBUG] [org.gradle.launcher.daemon.server.DefaultDaemonConnection] thread 34: Received non-IO message from client: StopWhenIdle[id=23e352a8-1952-43e7-a981-4922b0935aec.1]
23:22:12.428 [INFO] [org.gradle.launcher.daemon.server.DefaultIncomingConnectionHandler] Received command: StopWhenIdle[id=23e352a8-1952-43e7-a981-4922b0935aec.1].
23:22:12.430 [DEBUG] [org.gradle.launcher.daemon.server.DefaultIncomingConnectionHandler] Starting executing command: StopWhenIdle[id=23e352a8-1952-43e7-a981-4922b0935aec.1] with connection: socket connection from /127.0.0.1:56751 to /127.0.0.1:56808.
23:22:12.430 [DEBUG] [org.gradle.launcher.daemon.server.DaemonStateCoordinator] Stop as soon as idle requested. The daemon is busy: false
23:22:12.430 [DEBUG] [org.gradle.launcher.daemon.server.DaemonStateCoordinator] Marking daemon stopped due to stop requested and daemon idle. The daemon is running a build: false
23:22:12.431 [DEBUG] [org.gradle.launcher.daemon.server.DaemonStateCoordinator] daemon has stopped.
23:22:12.431 [DEBUG] [org.gradle.launcher.daemon.server.SynchronizedDispatchConnection] thread 15: dispatching class org.gradle.launcher.daemon.protocol.Success
23:22:12.431 [DEBUG] [org.gradle.launcher.daemon.server.Daemon] stop() called on daemon
23:22:12.431 [INFO] [org.gradle.launcher.daemon.server.Daemon] Stop requested. Daemon is removing its presence from the registry...
23:22:12.431 [DEBUG] [org.gradle.launcher.daemon.server.DefaultIncomingConnectionHandler] Finishing executing command: StopWhenIdle[id=23e352a8-1952-43e7-a981-4922b0935aec.1]
23:22:12.432 [DEBUG] [org.gradle.launcher.daemon.server.SynchronizedDispatchConnection] thread 34: received class org.gradle.launcher.daemon.protocol.Finished
23:22:12.433 [DEBUG] [org.gradle.launcher.daemon.server.DefaultDaemonConnection] thread 34: Received non-IO message from client: org.gradle.launcher.daemon.protocol.Finished@a627c1f
23:22:12.433 [DEBUG] [org.gradle.internal.remote.internal.inet.SocketConnection] Discarding EOFException: java.io.EOFException
23:22:12.434 [DEBUG] [org.gradle.launcher.daemon.server.SynchronizedDispatchConnection] thread 34: received null
23:22:12.434 [DEBUG] [org.gradle.launcher.daemon.server.DefaultDaemonConnection] thread 34: Received end-of-input from client.
23:22:12.434 [DEBUG] [org.gradle.launcher.daemon.server.DefaultIncomingConnectionHandler] Received finished message: null
23:22:12.434 [DEBUG] [org.gradle.launcher.daemon.server.SynchronizedDispatchConnection] thread 15: stopping connection
23:22:12.431 [DEBUG] [org.gradle.launcher.daemon.server.DomainRegistryUpdater] Removing our presence to clients, eg. removing this address from the registry: [df84eaad-b01f-4097-8b20-74e17a770727 port:56751, addresses:[/127.0.0.1, /0:0:0:0:0:0:0:1]]
23:22:12.466 [DEBUG] [org.gradle.launcher.daemon.registry.PersistentDaemonRegistry] Removing daemon address: [df84eaad-b01f-4097-8b20-74e17a770727 port:56751, addresses:[/127.0.0.1, /0:0:0:0:0:0:0:1]]
23:22:12.459 [DEBUG] [org.gradle.launcher.daemon.server.SynchronizedDispatchConnection] thread 15: stopping connection
23:22:12.500 [DEBUG] [org.gradle.cache.internal.DefaultFileLockManager] Waiting to acquire exclusive lock on daemon addresses registry.
23:22:12.501 [DEBUG] [org.gradle.cache.internal.DefaultFileLockManager] Lock acquired.
23:22:12.505 [DEBUG] [org.gradle.cache.internal.DefaultFileLockManager] Releasing lock on daemon addresses registry.
23:22:12.505 [DEBUG] [org.gradle.launcher.daemon.server.DomainRegistryUpdater] Address removed from registry.
23:22:12.542 [DEBUG] [org.gradle.launcher.daemon.registry.PersistentDaemonRegistry] Removing daemon address: [df84eaad-b01f-4097-8b20-74e17a770727 port:56751, addresses:[/127.0.0.1, /0:0:0:0:0:0:0:1]]
23:22:12.543 [DEBUG] [org.gradle.cache.internal.DefaultFileLockManager] Waiting to acquire exclusive lock on daemon addresses registry.
Daemon vm is shutting down... The daemon has exited normally or was terminated in response to a user interrupt.
23:22:12.544 [DEBUG] [org.gradle.cache.internal.DefaultFileLockManager] Lock acquired.
23:22:12.545 [DEBUG] [org.gradle.cache.internal.DefaultFileLockManager] Releasing lock on daemon addresses registry.
