21:27:25.981 [DEBUG] [org.gradle.internal.nativeintegration.services.NativeServices] Native-platform posix files is not available.  Continuing with fallback.
21:27:26.028 [DEBUG] [org.gradle.internal.nativeintegration.filesystem.services.FileSystemServices] Using JDK 7 file service org.gradle.internal.nativeintegration.filesystem.jdk7.WindowsJdk7Symlink
21:27:26.480 [INFO] [org.gradle.launcher.daemon.server.health.gc.GarbageCollectionMonitor] Unable to determine a garbage collection monitoring strategy for JVMStrategy{JetBrains s.r.o version 1.8.0_76-release}
21:27:26.668 [INFO] [org.gradle.launcher.daemon.server.Daemon] start() called on daemon - DefaultDaemonContext[uid=77959bc4-e5bf-4b06-b55f-e45e9f03a60f,javaHome=C:\Android\Android Studio\jre,daemonRegistryDir=C:\Users\Asus\.gradle\daemon,pid=4116,idleTimeout=10800000,daemonOpts=-Xmx1536m,-Dfile.encoding=windows-1252,-Duser.country=GB,-Duser.language=en,-Duser.variant]
21:27:26.777 [DEBUG] [org.gradle.launcher.daemon.server.DaemonStateCoordinator] updating lastActivityAt to 1475418446777
21:27:26.855 [DEBUG] [org.gradle.internal.remote.internal.inet.InetAddressFactory] Adding IP addresses for network interface Software Loopback Interface 1
21:27:26.855 [DEBUG] [org.gradle.internal.remote.internal.inet.InetAddressFactory] Is this a loopback interface? true
21:27:26.855 [DEBUG] [org.gradle.internal.remote.internal.inet.InetAddressFactory] Is this a multicast interface? true
21:27:26.855 [DEBUG] [org.gradle.internal.remote.internal.inet.InetAddressFactory] Adding loopback address /127.0.0.1
21:27:26.855 [DEBUG] [org.gradle.internal.remote.internal.inet.InetAddressFactory] Adding loopback address /0:0:0:0:0:0:0:1
21:27:26.855 [DEBUG] [org.gradle.internal.remote.internal.inet.InetAddressFactory] Adding loopback multicast interface Software Loopback Interface 1
21:27:26.855 [DEBUG] [org.gradle.internal.remote.internal.inet.InetAddressFactory] Adding IP addresses for network interface WAN Miniport (SSTP)
21:27:26.855 [DEBUG] [org.gradle.internal.remote.internal.inet.InetAddressFactory] Is this a loopback interface? false
21:27:26.870 [DEBUG] [org.gradle.internal.remote.internal.inet.InetAddressFactory] Is this a multicast interface? true
21:27:26.870 [DEBUG] [org.gradle.internal.remote.internal.inet.InetAddressFactory] Adding loopback multicast interface WAN Miniport (SSTP)
21:27:26.870 [DEBUG] [org.gradle.internal.remote.internal.inet.InetAddressFactory] Adding IP addresses for network interface WAN Miniport (IKEv2)
21:27:26.870 [DEBUG] [org.gradle.internal.remote.internal.inet.InetAddressFactory] Is this a loopback interface? false
21:27:26.870 [DEBUG] [org.gradle.internal.remote.internal.inet.InetAddressFactory] Is this a multicast interface? true
21:27:26.870 [DEBUG] [org.gradle.internal.remote.internal.inet.InetAddressFactory] Adding loopback multicast interface WAN Miniport (IKEv2)
21:27:26.870 [DEBUG] [org.gradle.internal.remote.internal.inet.InetAddressFactory] Adding IP addresses for network interface WAN Miniport (L2TP)
21:27:26.870 [DEBUG] [org.gradle.internal.remote.internal.inet.InetAddressFactory] Is this a loopback interface? false
21:27:26.870 [DEBUG] [org.gradle.internal.remote.internal.inet.InetAddressFactory] Is this a multicast interface? true
21:27:26.870 [DEBUG] [org.gradle.internal.remote.internal.inet.InetAddressFactory] Adding loopback multicast interface WAN Miniport (L2TP)
21:27:26.870 [DEBUG] [org.gradle.internal.remote.internal.inet.InetAddressFactory] Adding IP addresses for network interface WAN Miniport (PPTP)
21:27:26.870 [DEBUG] [org.gradle.internal.remote.internal.inet.InetAddressFactory] Is this a loopback interface? false
21:27:26.870 [DEBUG] [org.gradle.internal.remote.internal.inet.InetAddressFactory] Is this a multicast interface? true
21:27:26.870 [DEBUG] [org.gradle.internal.remote.internal.inet.InetAddressFactory] Adding loopback multicast interface WAN Miniport (PPTP)
21:27:26.870 [DEBUG] [org.gradle.internal.remote.internal.inet.InetAddressFactory] Adding IP addresses for network interface WAN Miniport (PPPOE)
21:27:26.870 [DEBUG] [org.gradle.internal.remote.internal.inet.InetAddressFactory] Is this a loopback interface? false
21:27:26.886 [DEBUG] [org.gradle.internal.remote.internal.inet.InetAddressFactory] Is this a multicast interface? true
21:27:26.886 [DEBUG] [org.gradle.internal.remote.internal.inet.InetAddressFactory] Adding loopback multicast interface WAN Miniport (PPPOE)
21:27:26.886 [DEBUG] [org.gradle.internal.remote.internal.inet.InetAddressFactory] Adding IP addresses for network interface WAN Miniport (IPv6)
21:27:26.886 [DEBUG] [org.gradle.internal.remote.internal.inet.InetAddressFactory] Is this a loopback interface? false
21:27:26.886 [DEBUG] [org.gradle.internal.remote.internal.inet.InetAddressFactory] Is this a multicast interface? true
21:27:26.886 [DEBUG] [org.gradle.internal.remote.internal.inet.InetAddressFactory] Adding loopback multicast interface WAN Miniport (IPv6)
21:27:26.886 [DEBUG] [org.gradle.internal.remote.internal.inet.InetAddressFactory] Adding IP addresses for network interface WAN Miniport (Network Monitor)
21:27:26.886 [DEBUG] [org.gradle.internal.remote.internal.inet.InetAddressFactory] Is this a loopback interface? false
21:27:26.886 [DEBUG] [org.gradle.internal.remote.internal.inet.InetAddressFactory] Is this a multicast interface? true
21:27:26.886 [DEBUG] [org.gradle.internal.remote.internal.inet.InetAddressFactory] Adding loopback multicast interface WAN Miniport (Network Monitor)
21:27:26.886 [DEBUG] [org.gradle.internal.remote.internal.inet.InetAddressFactory] Adding IP addresses for network interface WAN Miniport (IP)
21:27:26.886 [DEBUG] [org.gradle.internal.remote.internal.inet.InetAddressFactory] Is this a loopback interface? false
21:27:26.902 [DEBUG] [org.gradle.internal.remote.internal.inet.InetAddressFactory] Is this a multicast interface? true
21:27:26.902 [DEBUG] [org.gradle.internal.remote.internal.inet.InetAddressFactory] Adding loopback multicast interface WAN Miniport (IP)
21:27:26.902 [DEBUG] [org.gradle.internal.remote.internal.inet.InetAddressFactory] Adding IP addresses for network interface RAS Async Adapter
21:27:26.902 [DEBUG] [org.gradle.internal.remote.internal.inet.InetAddressFactory] Is this a loopback interface? false
21:27:26.902 [DEBUG] [org.gradle.internal.remote.internal.inet.InetAddressFactory] Is this a multicast interface? true
21:27:26.902 [DEBUG] [org.gradle.internal.remote.internal.inet.InetAddressFactory] Adding loopback multicast interface RAS Async Adapter
21:27:26.902 [DEBUG] [org.gradle.internal.remote.internal.inet.InetAddressFactory] Adding IP addresses for network interface Qualcomm Atheros AR8151 PCI-E Gigabit Ethernet Controller (NDIS 6.20)
21:27:26.902 [DEBUG] [org.gradle.internal.remote.internal.inet.InetAddressFactory] Is this a loopback interface? false
21:27:26.902 [DEBUG] [org.gradle.internal.remote.internal.inet.InetAddressFactory] Is this a multicast interface? true
21:27:26.902 [DEBUG] [org.gradle.internal.remote.internal.inet.InetAddressFactory] Adding remote address /fe80:0:0:0:71f0:8a55:64f2:16fa%eth3
21:27:26.902 [DEBUG] [org.gradle.internal.remote.internal.inet.InetAddressFactory] Adding remote multicast interface Qualcomm Atheros AR8151 PCI-E Gigabit Ethernet Controller (NDIS 6.20)
21:27:26.902 [DEBUG] [org.gradle.internal.remote.internal.inet.InetAddressFactory] Adding IP addresses for network interface Qualcomm Atheros AR9002WB-1NG Wireless Network Adapter
21:27:26.902 [DEBUG] [org.gradle.internal.remote.internal.inet.InetAddressFactory] Is this a loopback interface? false
21:27:26.902 [DEBUG] [org.gradle.internal.remote.internal.inet.InetAddressFactory] Is this a multicast interface? true
21:27:26.902 [DEBUG] [org.gradle.internal.remote.internal.inet.InetAddressFactory] Adding remote address /192.168.0.109
21:27:26.902 [DEBUG] [org.gradle.internal.remote.internal.inet.InetAddressFactory] Adding remote address /fe80:0:0:0:a92d:bbba:d09e:e43f%wlan0
21:27:26.902 [DEBUG] [org.gradle.internal.remote.internal.inet.InetAddressFactory] Adding remote multicast interface Qualcomm Atheros AR9002WB-1NG Wireless Network Adapter
21:27:26.902 [DEBUG] [org.gradle.internal.remote.internal.inet.InetAddressFactory] Adding IP addresses for network interface Teredo Tunneling Pseudo-Interface
21:27:26.902 [DEBUG] [org.gradle.internal.remote.internal.inet.InetAddressFactory] Is this a loopback interface? false
21:27:26.917 [DEBUG] [org.gradle.internal.remote.internal.inet.InetAddressFactory] Is this a multicast interface? true
21:27:26.917 [DEBUG] [org.gradle.internal.remote.internal.inet.InetAddressFactory] Adding loopback multicast interface Teredo Tunneling Pseudo-Interface
21:27:26.917 [DEBUG] [org.gradle.internal.remote.internal.inet.InetAddressFactory] Adding IP addresses for network interface Bluetooth Device (RFCOMM Protocol TDI)
21:27:26.917 [DEBUG] [org.gradle.internal.remote.internal.inet.InetAddressFactory] Is this a loopback interface? false
21:27:26.917 [DEBUG] [org.gradle.internal.remote.internal.inet.InetAddressFactory] Is this a multicast interface? true
21:27:26.917 [DEBUG] [org.gradle.internal.remote.internal.inet.InetAddressFactory] Adding loopback multicast interface Bluetooth Device (RFCOMM Protocol TDI)
21:27:26.917 [DEBUG] [org.gradle.internal.remote.internal.inet.InetAddressFactory] Adding IP addresses for network interface Bluetooth Device (Personal Area Network)
21:27:26.917 [DEBUG] [org.gradle.internal.remote.internal.inet.InetAddressFactory] Is this a loopback interface? false
21:27:26.917 [DEBUG] [org.gradle.internal.remote.internal.inet.InetAddressFactory] Is this a multicast interface? true
21:27:26.917 [DEBUG] [org.gradle.internal.remote.internal.inet.InetAddressFactory] Adding remote address /fe80:0:0:0:404c:205:13f0:e0d4%eth4
21:27:26.917 [DEBUG] [org.gradle.internal.remote.internal.inet.InetAddressFactory] Adding remote multicast interface Bluetooth Device (Personal Area Network)
21:27:26.917 [DEBUG] [org.gradle.internal.remote.internal.inet.InetAddressFactory] Adding IP addresses for network interface Remote NDIS based Internet Sharing Device
21:27:26.917 [DEBUG] [org.gradle.internal.remote.internal.inet.InetAddressFactory] Is this a loopback interface? false
21:27:26.917 [DEBUG] [org.gradle.internal.remote.internal.inet.InetAddressFactory] Is this a multicast interface? true
21:27:26.917 [DEBUG] [org.gradle.internal.remote.internal.inet.InetAddressFactory] Adding loopback multicast interface Remote NDIS based Internet Sharing Device
21:27:26.917 [DEBUG] [org.gradle.internal.remote.internal.inet.InetAddressFactory] Adding IP addresses for network interface Qualcomm Atheros AR9002WB-1NG Wireless Network Adapter-Virtual WiFi Filter Driver-0000
21:27:26.917 [DEBUG] [org.gradle.internal.remote.internal.inet.InetAddressFactory] Is this a loopback interface? false
21:27:26.933 [DEBUG] [org.gradle.internal.remote.internal.inet.InetAddressFactory] Is this a multicast interface? true
21:27:26.933 [DEBUG] [org.gradle.internal.remote.internal.inet.InetAddressFactory] Adding loopback multicast interface Qualcomm Atheros AR9002WB-1NG Wireless Network Adapter-Virtual WiFi Filter Driver-0000
21:27:26.933 [DEBUG] [org.gradle.internal.remote.internal.inet.InetAddressFactory] Adding IP addresses for network interface Qualcomm Atheros AR9002WB-1NG Wireless Network Adapter-QoS Packet Scheduler-0000
21:27:26.933 [DEBUG] [org.gradle.internal.remote.internal.inet.InetAddressFactory] Is this a loopback interface? false
21:27:26.933 [DEBUG] [org.gradle.internal.remote.internal.inet.InetAddressFactory] Is this a multicast interface? true
21:27:26.933 [DEBUG] [org.gradle.internal.remote.internal.inet.InetAddressFactory] Adding loopback multicast interface Qualcomm Atheros AR9002WB-1NG Wireless Network Adapter-QoS Packet Scheduler-0000
21:27:26.933 [DEBUG] [org.gradle.internal.remote.internal.inet.InetAddressFactory] Adding IP addresses for network interface Qualcomm Atheros AR8151 PCI-E Gigabit Ethernet Controller (NDIS 6.20)-QoS Packet Scheduler-0000
21:27:26.933 [DEBUG] [org.gradle.internal.remote.internal.inet.InetAddressFactory] Is this a loopback interface? false
21:27:26.933 [DEBUG] [org.gradle.internal.remote.internal.inet.InetAddressFactory] Is this a multicast interface? true
21:27:26.933 [DEBUG] [org.gradle.internal.remote.internal.inet.InetAddressFactory] Adding loopback multicast interface Qualcomm Atheros AR8151 PCI-E Gigabit Ethernet Controller (NDIS 6.20)-QoS Packet Scheduler-0000
21:27:26.933 [DEBUG] [org.gradle.internal.remote.internal.inet.InetAddressFactory] Adding IP addresses for network interface Qualcomm Atheros AR8151 PCI-E Gigabit Ethernet Controller (NDIS 6.20)-WFP LightWeight Filter-0000
21:27:26.933 [DEBUG] [org.gradle.internal.remote.internal.inet.InetAddressFactory] Is this a loopback interface? false
21:27:26.933 [DEBUG] [org.gradle.internal.remote.internal.inet.InetAddressFactory] Is this a multicast interface? true
21:27:26.933 [DEBUG] [org.gradle.internal.remote.internal.inet.InetAddressFactory] Adding loopback multicast interface Qualcomm Atheros AR8151 PCI-E Gigabit Ethernet Controller (NDIS 6.20)-WFP LightWeight Filter-0000
21:27:26.933 [DEBUG] [org.gradle.internal.remote.internal.inet.InetAddressFactory] Adding IP addresses for network interface WAN Miniport (Network Monitor)-QoS Packet Scheduler-0000
21:27:26.933 [DEBUG] [org.gradle.internal.remote.internal.inet.InetAddressFactory] Is this a loopback interface? false
21:27:26.933 [DEBUG] [org.gradle.internal.remote.internal.inet.InetAddressFactory] Is this a multicast interface? true
21:27:26.933 [DEBUG] [org.gradle.internal.remote.internal.inet.InetAddressFactory] Adding loopback multicast interface WAN Miniport (Network Monitor)-QoS Packet Scheduler-0000
21:27:26.933 [DEBUG] [org.gradle.internal.remote.internal.inet.InetAddressFactory] Adding IP addresses for network interface WAN Miniport (IP)-QoS Packet Scheduler-0000
21:27:26.948 [DEBUG] [org.gradle.internal.remote.internal.inet.InetAddressFactory] Is this a loopback interface? false
21:27:26.948 [DEBUG] [org.gradle.internal.remote.internal.inet.InetAddressFactory] Is this a multicast interface? true
21:27:26.948 [DEBUG] [org.gradle.internal.remote.internal.inet.InetAddressFactory] Adding loopback multicast interface WAN Miniport (IP)-QoS Packet Scheduler-0000
21:27:26.948 [DEBUG] [org.gradle.internal.remote.internal.inet.InetAddressFactory] Adding IP addresses for network interface WAN Miniport (IPv6)-QoS Packet Scheduler-0000
21:27:26.948 [DEBUG] [org.gradle.internal.remote.internal.inet.InetAddressFactory] Is this a loopback interface? false
21:27:26.948 [DEBUG] [org.gradle.internal.remote.internal.inet.InetAddressFactory] Is this a multicast interface? true
21:27:26.948 [DEBUG] [org.gradle.internal.remote.internal.inet.InetAddressFactory] Adding loopback multicast interface WAN Miniport (IPv6)-QoS Packet Scheduler-0000
21:27:26.948 [DEBUG] [org.gradle.internal.remote.internal.inet.InetAddressFactory] Adding IP addresses for network interface Qualcomm Atheros AR9002WB-1NG Wireless Network Adapter-Native WiFi Filter Driver-0000
21:27:26.948 [DEBUG] [org.gradle.internal.remote.internal.inet.InetAddressFactory] Is this a loopback interface? false
21:27:26.948 [DEBUG] [org.gradle.internal.remote.internal.inet.InetAddressFactory] Is this a multicast interface? true
21:27:26.948 [DEBUG] [org.gradle.internal.remote.internal.inet.InetAddressFactory] Adding loopback multicast interface Qualcomm Atheros AR9002WB-1NG Wireless Network Adapter-Native WiFi Filter Driver-0000
21:27:26.948 [DEBUG] [org.gradle.internal.remote.internal.inet.InetAddressFactory] Adding IP addresses for network interface Qualcomm Atheros AR9002WB-1NG Wireless Network Adapter-WFP LightWeight Filter-0000
21:27:26.948 [DEBUG] [org.gradle.internal.remote.internal.inet.InetAddressFactory] Is this a loopback interface? false
21:27:26.948 [DEBUG] [org.gradle.internal.remote.internal.inet.InetAddressFactory] Is this a multicast interface? true
21:27:26.948 [DEBUG] [org.gradle.internal.remote.internal.inet.InetAddressFactory] Adding loopback multicast interface Qualcomm Atheros AR9002WB-1NG Wireless Network Adapter-WFP LightWeight Filter-0000
21:27:26.995 [DEBUG] [org.gradle.internal.remote.internal.inet.TcpIncomingConnector] Listening on [ed39f901-57f7-4bc4-ad6d-eb8b18b80a3e port:64711, addresses:[/127.0.0.1, /0:0:0:0:0:0:0:1]].
21:27:26.995 [DEBUG] [org.gradle.launcher.daemon.server.Daemon] Daemon starting at: Sun Oct 02 21:27:26 ICT 2016, with address: [ed39f901-57f7-4bc4-ad6d-eb8b18b80a3e port:64711, addresses:[/127.0.0.1, /0:0:0:0:0:0:0:1]]
21:27:26.995 [INFO] [org.gradle.launcher.daemon.server.DomainRegistryUpdater] Advertising the daemon address to the clients: [ed39f901-57f7-4bc4-ad6d-eb8b18b80a3e port:64711, addresses:[/127.0.0.1, /0:0:0:0:0:0:0:1]]
21:27:26.995 [DEBUG] [org.gradle.launcher.daemon.server.DomainRegistryUpdater] Advertised daemon context: DefaultDaemonContext[uid=77959bc4-e5bf-4b06-b55f-e45e9f03a60f,javaHome=C:\Android\Android Studio\jre,daemonRegistryDir=C:\Users\Asus\.gradle\daemon,pid=4116,idleTimeout=10800000,daemonOpts=-Xmx1536m,-Dfile.encoding=windows-1252,-Duser.country=GB,-Duser.language=en,-Duser.variant]
21:27:27.011 [DEBUG] [org.gradle.launcher.daemon.registry.PersistentDaemonRegistry] Storing daemon address: [ed39f901-57f7-4bc4-ad6d-eb8b18b80a3e port:64711, addresses:[/127.0.0.1, /0:0:0:0:0:0:0:1]], context: DefaultDaemonContext[uid=77959bc4-e5bf-4b06-b55f-e45e9f03a60f,javaHome=C:\Android\Android Studio\jre,daemonRegistryDir=C:\Users\Asus\.gradle\daemon,pid=4116,idleTimeout=10800000,daemonOpts=-Xmx1536m,-Dfile.encoding=windows-1252,-Duser.country=GB,-Duser.language=en,-Duser.variant]
21:27:27.026 [DEBUG] [org.gradle.cache.internal.DefaultFileLockManager] Waiting to acquire exclusive lock on daemon addresses registry.
21:27:27.026 [DEBUG] [org.gradle.cache.internal.DefaultFileLockManager] Lock acquired.
21:27:27.073 [DEBUG] [org.gradle.cache.internal.DefaultFileLockManager] Releasing lock on daemon addresses registry.
21:27:27.073 [LIFECYCLE] [org.gradle.launcher.daemon.server.Daemon] Daemon server started.
21:27:27.073 [DEBUG] [org.gradle.launcher.daemon.bootstrap.DaemonStartupCommunication] Completed writing the daemon greeting. Closing streams...
21:27:27.089 [DEBUG] [org.gradle.launcher.daemon.server.Daemon] stopOnExpiration() called on daemon
21:27:27.089 [DEBUG] [org.gradle.launcher.daemon.server.Daemon] awaitExpiration() called on daemon
21:27:27.089 [DEBUG] [org.gradle.launcher.daemon.server.DaemonStateCoordinator] daemon is running. Sleeping until state changes.
21:27:27.120 [DEBUG] [org.gradle.internal.remote.internal.inet.TcpIncomingConnector] Accepted connection from /127.0.0.1:64715 to /127.0.0.1:64711.
21:27:27.385 [DEBUG] [org.gradle.launcher.daemon.server.SynchronizedDispatchConnection] thread 16: received class org.gradle.launcher.daemon.protocol.Build
21:27:27.385 [DEBUG] [org.gradle.launcher.daemon.server.DefaultDaemonConnection] thread 16: Received non-IO message from client: Build{id=ef43cfd5-9eae-4334-ae3c-31a9a7204606.1, currentDir=E:\My Project\Android Project\JasaService}
21:27:27.385 [INFO] [org.gradle.launcher.daemon.server.DefaultIncomingConnectionHandler] Received command: Build{id=ef43cfd5-9eae-4334-ae3c-31a9a7204606.1, currentDir=E:\My Project\Android Project\JasaService}.
21:27:27.385 [DEBUG] [org.gradle.launcher.daemon.server.DefaultIncomingConnectionHandler] Starting executing command: Build{id=ef43cfd5-9eae-4334-ae3c-31a9a7204606.1, currentDir=E:\My Project\Android Project\JasaService} with connection: socket connection from /127.0.0.1:64711 to /127.0.0.1:64715.
21:27:27.448 [DEBUG] [org.gradle.launcher.daemon.server.DaemonStateCoordinator] Command execution: started DaemonCommandExecution[command = Build{id=ef43cfd5-9eae-4334-ae3c-31a9a7204606.1, currentDir=E:\My Project\Android Project\JasaService}, connection = org.gradle.launcher.daemon.server.DefaultDaemonConnection@2e9d47aa] after 0.0 minutes of idle
21:27:27.463 [INFO] [org.gradle.launcher.daemon.server.DomainRegistryUpdater] Marking the daemon as busy, address: [ed39f901-57f7-4bc4-ad6d-eb8b18b80a3e port:64711, addresses:[/127.0.0.1, /0:0:0:0:0:0:0:1]]
21:27:27.463 [DEBUG] [org.gradle.launcher.daemon.registry.PersistentDaemonRegistry] Marking busy by address: [ed39f901-57f7-4bc4-ad6d-eb8b18b80a3e port:64711, addresses:[/127.0.0.1, /0:0:0:0:0:0:0:1]]
21:27:27.463 [DEBUG] [org.gradle.cache.internal.DefaultFileLockManager] Waiting to acquire exclusive lock on daemon addresses registry.
21:27:27.463 [DEBUG] [org.gradle.cache.internal.DefaultFileLockManager] Lock acquired.
21:27:27.479 [DEBUG] [org.gradle.cache.internal.DefaultFileLockManager] Releasing lock on daemon addresses registry.
21:27:27.479 [DEBUG] [org.gradle.launcher.daemon.server.DaemonStateCoordinator] updating lastActivityAt to 1475418447479
21:27:27.479 [DEBUG] [org.gradle.launcher.daemon.server.DaemonStateCoordinator] daemon is running. Sleeping until state changes.
21:27:27.479 [INFO] [org.gradle.launcher.daemon.server.exec.StartBuildOrRespondWithBusy] Daemon is about to start building Build{id=ef43cfd5-9eae-4334-ae3c-31a9a7204606.1, currentDir=E:\My Project\Android Project\JasaService}. Dispatching build started information...
21:27:27.479 [DEBUG] [org.gradle.launcher.daemon.server.SynchronizedDispatchConnection] thread 18: dispatching class org.gradle.launcher.daemon.protocol.BuildStarted
21:27:27.494 [DEBUG] [org.gradle.launcher.daemon.server.exec.EstablishBuildEnvironment] Configuring env variables: {LOCALAPPDATA=C:\Users\Asus\AppData\Local, PROCESSOR_LEVEL=6, FP_NO_HOST_CHECK=NO, USERDOMAIN=Asus-PC, LOGONSERVER=\\ASUS-PC, JAVA_HOME=C:\Program Files\Java\jdk1.7.0_79, SESSIONNAME=Console, ALLUSERSPROFILE=C:\ProgramData, PROCESSOR_ARCHITECTURE=AMD64, PSModulePath=C:\Windows\system32\WindowsPowerShell\v1.0\Modules\, SystemDrive=C:, APPDATA=C:\Users\Asus\AppData\Roaming, MOZ_PLUGIN_PATH=C:\Program Files (x86)\Foxit Software\Foxit Reader\plugins\, USERNAME=Asus, ProgramFiles(x86)=C:\Program Files (x86), CommonProgramFiles=C:\Program Files\Common Files, GPU_MAX_ALLOC_PERCENT=80, Path=C:\ProgramData\Oracle\Java\javapath;C:\Windows\system32;C:\Windows;C:\Windows\System32\Wbem;C:\Windows\System32\WindowsPowerShell\v1.0\;C:\Program Files (x86)\NVIDIA Corporation\PhysX\Common;C:\Program Files\Java\jdk1.7.0_79\bin;C:\Program Files\nodejs\;C:\Program Files\Git\bin;C:\Program Files (x86)\Microsoft SQL Server\100\Tools\Binn\;C:\Program Files\Microsoft SQL Server\100\Tools\Binn\;C:\Program Files\Microsoft SQL Server\100\DTS\Binn\;C:\Program Files (x86)\Microsoft SQL Server\100\Tools\Binn\VSShell\Common7\IDE\;C:\Program Files (x86)\Microsoft Visual Studio 9.0\Common7\IDE\PrivateAssemblies\;C:\Program Files (x86)\Microsoft SQL Server\100\DTS\Binn\;C:\Users\Asus\AppData\Roaming\npm, PATHEXT=.COM;.EXE;.BAT;.CMD;.VBS;.VBE;.JS;.JSE;.WSF;.WSH;.MSC, OS=Windows_NT, COMPUTERNAME=ASUS-PC, PROCESSOR_REVISION=2a07, CommonProgramW6432=C:\Program Files\Common Files, ComSpec=C:\Windows\system32\cmd.exe, ProgramData=C:\ProgramData, ProgramW6432=C:\Program Files, HOMEPATH=\Users\Asus, SystemRoot=C:\Windows, TEMP=C:\Users\Asus\AppData\Local\Temp, HOMEDRIVE=C:, PROCESSOR_IDENTIFIER=Intel64 Family 6 Model 42 Stepping 7, GenuineIntel, USERPROFILE=C:\Users\Asus, TMP=C:\Users\Asus\AppData\Local\Temp, CommonProgramFiles(x86)=C:\Program Files (x86)\Common Files, ProgramFiles=C:\Program Files, PUBLIC=C:\Users\Public, NUMBER_OF_PROCESSORS=4, windir=C:\Windows, =::=::\}
21:27:27.510 [DEBUG] [org.gradle.launcher.daemon.server.exec.LogToClient] About to start relaying all logs to the client via the connection.
21:27:27.510 [INFO] [org.gradle.launcher.daemon.server.exec.LogToClient] The client will now receive all logging from the daemon (pid: 4116). The daemon log file: C:\Users\Asus\.gradle\daemon\2.14.1\daemon-4116.out.log
21:27:27.510 [INFO] [org.gradle.launcher.daemon.server.health.DaemonHealthTracker] Starting build in new daemon [memory: 1.4 GB]
21:27:27.510 [DEBUG] [org.gradle.launcher.daemon.server.exec.ExecuteBuild] The daemon has started executing the build.
21:27:27.510 [INFO] [org.gradle.launcher.daemon.server.exec.ExecuteBuild] Executing build with daemon context: DefaultDaemonContext[uid=77959bc4-e5bf-4b06-b55f-e45e9f03a60f,javaHome=C:\Android\Android Studio\jre,daemonRegistryDir=C:\Users\Asus\.gradle\daemon,pid=4116,idleTimeout=10800000,daemonOpts=-Xmx1536m,-Dfile.encoding=windows-1252,-Duser.country=GB,-Duser.language=en,-Duser.variant]
21:27:27.557 [DEBUG] [org.gradle.launcher.daemon.server.SynchronizedDispatchConnection] thread 16: received class org.gradle.launcher.daemon.protocol.CloseInput
21:27:27.557 [DEBUG] [org.gradle.launcher.daemon.server.DefaultDaemonConnection] thread 16: Received IO message from client: org.gradle.launcher.daemon.protocol.CloseInput@5fa11cc5
21:27:27.557 [INFO] [org.gradle.launcher.daemon.server.exec.ForwardClientInput] Closing daemon's stdin at end of input.
21:27:27.557 [INFO] [org.gradle.launcher.daemon.server.exec.ForwardClientInput] The daemon will no longer process any standard input.
Incremental java compilation is an incubating feature.

CONFIGURE SUCCESSFUL

Total time: 58.656 secs
The Test.testSrcDirs property has been deprecated and is scheduled to be removed in Gradle 3.0. Support for TestNG Javadoc annotations will be removed in Gradle 3.0.
21:28:19.208 [DEBUG] [org.gradle.cache.internal.DefaultCacheAccess] Cache Generated Gradle JARs cache (C:\Users\Asus\.gradle\caches\2.14.1\generated-gradle-jars) was closed 0 times.
21:28:19.208 [DEBUG] [org.gradle.cache.internal.btree.BTreePersistentIndexedCache] Closing cache artifact-at-repository.bin (C:\Users\Asus\.gradle\caches\modules-2\metadata-2.16\artifact-at-repository.bin)
21:28:19.208 [DEBUG] [org.gradle.cache.internal.btree.BTreePersistentIndexedCache] Closing cache module-artifacts.bin (C:\Users\Asus\.gradle\caches\modules-2\metadata-2.16\module-artifacts.bin)
21:28:19.208 [DEBUG] [org.gradle.cache.internal.btree.BTreePersistentIndexedCache] Closing cache module-metadata.bin (C:\Users\Asus\.gradle\caches\modules-2\metadata-2.16\module-metadata.bin)
21:28:19.208 [DEBUG] [org.gradle.cache.internal.DefaultFileLockManager] Releasing lock on artifact cache (C:\Users\Asus\.gradle\caches\modules-2).
21:28:19.224 [DEBUG] [org.gradle.api.internal.artifacts.ivyservice.resolveengine.store.CachedStoreFactory] Resolution result cache closed. Cache reads: 0, disk reads: 0 (avg: 0.0 secs, total: 0.0 secs)
21:28:19.224 [DEBUG] [org.gradle.api.internal.artifacts.ivyservice.resolveengine.store.CachedStoreFactory] Resolution result cache closed. Cache reads: 4, disk reads: 8 (avg: 0.009 secs, total: 0.079 secs)
21:28:19.224 [DEBUG] [org.gradle.api.internal.artifacts.ivyservice.resolveengine.store.ResolutionResultsStoreFactory] Deleted 2 resolution results binary files in 0.016 secs
21:28:19.224 [DEBUG] [org.gradle.api.internal.artifacts.ivyservice.ivyresolve.memcache.InMemoryCachedRepositoryFactory] In-memory dependency metadata cache closed. Repos cached: 49, cache instances: 5, modules served from cache: 546, artifacts: 162
21:28:19.224 [DEBUG] [org.gradle.cache.internal.DefaultCacheAccess] Cache Plugin Resolution Cache (C:\Users\Asus\.gradle\caches\2.14.1\plugin-resolution) was closed 0 times.
21:28:19.224 [DEBUG] [org.gradle.api.internal.tasks.compile.daemon.CompilerDaemonManager] Stopping 0 compiler daemon(s).
21:28:19.224 [INFO] [org.gradle.api.internal.tasks.compile.daemon.CompilerDaemonManager] Stopped 0 compiler daemon(s).
21:28:19.224 [DEBUG] [org.gradle.cache.internal.DefaultFileLockManager] Releasing lock on jars (C:\Users\Asus\.gradle\caches\jars-1).
21:28:19.224 [DEBUG] [org.gradle.launcher.daemon.server.exec.ExecuteBuild] The daemon has finished executing the build.
21:28:19.739 [DEBUG] [org.gradle.launcher.daemon.server.DaemonStateCoordinator] daemon is running. Sleeping until state changes.
21:28:19.739 [DEBUG] [org.gradle.launcher.daemon.server.DaemonStateCoordinator] Command execution: finished waiting for DaemonCommandExecution[command = Build{id=ef43cfd5-9eae-4334-ae3c-31a9a7204606.1, currentDir=E:\My Project\Android Project\JasaService}, connection = org.gradle.launcher.daemon.server.DefaultDaemonConnection@2e9d47aa]. Result org.gradle.launcher.daemon.server.DaemonStateCoordinator@75bb183f with state Running
21:28:19.739 [DEBUG] [org.gradle.launcher.daemon.server.DaemonStateCoordinator] Command execution: completed DaemonCommandExecution[command = Build{id=ef43cfd5-9eae-4334-ae3c-31a9a7204606.1, currentDir=E:\My Project\Android Project\JasaService}, connection = org.gradle.launcher.daemon.server.DefaultDaemonConnection@2e9d47aa]
21:28:19.739 [DEBUG] [org.gradle.launcher.daemon.server.DaemonStateCoordinator] updating lastActivityAt to 1475418499739
21:28:19.739 [INFO] [org.gradle.launcher.daemon.server.DomainRegistryUpdater] Marking the daemon as idle, address: [ed39f901-57f7-4bc4-ad6d-eb8b18b80a3e port:64711, addresses:[/127.0.0.1, /0:0:0:0:0:0:0:1]]
21:28:19.739 [DEBUG] [org.gradle.launcher.daemon.registry.PersistentDaemonRegistry] Marking idle by address: [ed39f901-57f7-4bc4-ad6d-eb8b18b80a3e port:64711, addresses:[/127.0.0.1, /0:0:0:0:0:0:0:1]]
21:28:19.739 [DEBUG] [org.gradle.cache.internal.DefaultFileLockManager] Waiting to acquire exclusive lock on daemon addresses registry.
21:28:19.739 [DEBUG] [org.gradle.cache.internal.DefaultFileLockManager] Lock acquired.
21:28:19.754 [DEBUG] [org.gradle.cache.internal.DefaultFileLockManager] Releasing lock on daemon addresses registry.
21:28:19.754 [DEBUG] [org.gradle.launcher.daemon.server.exec.ReturnResult] Daemon is dispatching the build result: Success[value=org.gradle.tooling.internal.provider.BuildActionResult@fd09539]
21:28:19.754 [DEBUG] [org.gradle.launcher.daemon.server.SynchronizedDispatchConnection] thread 15: dispatching class org.gradle.launcher.daemon.protocol.Success
21:28:19.754 [DEBUG] [org.gradle.launcher.daemon.server.DaemonStateCoordinator] daemon is running. Sleeping until state changes.
21:28:19.817 [DEBUG] [org.gradle.launcher.daemon.server.DefaultIncomingConnectionHandler] Finishing executing command: Build{id=ef43cfd5-9eae-4334-ae3c-31a9a7204606.1, currentDir=E:\My Project\Android Project\JasaService}
21:28:19.817 [DEBUG] [org.gradle.launcher.daemon.server.SynchronizedDispatchConnection] thread 16: received class org.gradle.launcher.daemon.protocol.Finished
21:28:19.817 [DEBUG] [org.gradle.launcher.daemon.server.DefaultDaemonConnection] thread 16: Received non-IO message from client: org.gradle.launcher.daemon.protocol.Finished@45a37433
21:28:19.817 [DEBUG] [org.gradle.launcher.daemon.server.DefaultIncomingConnectionHandler] Received finished message: org.gradle.launcher.daemon.protocol.Finished@45a37433
21:28:19.817 [DEBUG] [org.gradle.launcher.daemon.server.SynchronizedDispatchConnection] thread 15: stopping connection
21:28:19.817 [DEBUG] [org.gradle.internal.remote.internal.inet.SocketConnection] Discarding EOFException: java.io.EOFException
21:28:19.832 [DEBUG] [org.gradle.launcher.daemon.server.SynchronizedDispatchConnection] thread 16: received null
21:28:19.832 [DEBUG] [org.gradle.launcher.daemon.server.DefaultDaemonConnection] thread 16: Received end-of-input from client.
21:28:19.832 [DEBUG] [org.gradle.launcher.daemon.server.SynchronizedDispatchConnection] thread 15: stopping connection
21:28:27.102 [DEBUG] [org.gradle.launcher.daemon.server.Daemon] DaemonExpirationPeriodicCheck running
21:28:27.102 [DEBUG] [org.gradle.cache.internal.DefaultFileLockManager] Waiting to acquire shared lock on daemon addresses registry.
21:28:27.102 [DEBUG] [org.gradle.cache.internal.DefaultFileLockManager] Lock acquired.
21:28:27.164 [DEBUG] [org.gradle.cache.internal.DefaultFileLockManager] Releasing lock on daemon addresses registry.
21:28:29.317 [DEBUG] [org.gradle.internal.remote.internal.inet.TcpIncomingConnector] Accepted connection from /127.0.0.1:64776 to /127.0.0.1:64711.
21:28:29.403 [DEBUG] [org.gradle.launcher.daemon.server.SynchronizedDispatchConnection] thread 22: received class org.gradle.launcher.daemon.protocol.Build
21:28:29.403 [DEBUG] [org.gradle.launcher.daemon.server.DefaultDaemonConnection] thread 22: Received non-IO message from client: Build{id=d0944d46-506b-494b-8612-9899605dd5a6.1, currentDir=E:\My Project\Android Project\JasaService}
21:28:29.404 [INFO] [org.gradle.launcher.daemon.server.DefaultIncomingConnectionHandler] Received command: Build{id=d0944d46-506b-494b-8612-9899605dd5a6.1, currentDir=E:\My Project\Android Project\JasaService}.
21:28:29.410 [DEBUG] [org.gradle.launcher.daemon.server.DefaultIncomingConnectionHandler] Starting executing command: Build{id=d0944d46-506b-494b-8612-9899605dd5a6.1, currentDir=E:\My Project\Android Project\JasaService} with connection: socket connection from /127.0.0.1:64711 to /127.0.0.1:64776.
21:28:29.411 [DEBUG] [org.gradle.launcher.daemon.server.DaemonStateCoordinator] Command execution: started DaemonCommandExecution[command = Build{id=d0944d46-506b-494b-8612-9899605dd5a6.1, currentDir=E:\My Project\Android Project\JasaService}, connection = org.gradle.launcher.daemon.server.DefaultDaemonConnection@2b860bbb] after 0.0 minutes of idle
21:28:29.412 [INFO] [org.gradle.launcher.daemon.server.DomainRegistryUpdater] Marking the daemon as busy, address: [ed39f901-57f7-4bc4-ad6d-eb8b18b80a3e port:64711, addresses:[/127.0.0.1, /0:0:0:0:0:0:0:1]]
21:28:29.412 [DEBUG] [org.gradle.launcher.daemon.registry.PersistentDaemonRegistry] Marking busy by address: [ed39f901-57f7-4bc4-ad6d-eb8b18b80a3e port:64711, addresses:[/127.0.0.1, /0:0:0:0:0:0:0:1]]
21:28:29.413 [DEBUG] [org.gradle.cache.internal.DefaultFileLockManager] Waiting to acquire exclusive lock on daemon addresses registry.
21:28:29.414 [DEBUG] [org.gradle.cache.internal.DefaultFileLockManager] Lock acquired.
21:28:29.419 [DEBUG] [org.gradle.cache.internal.DefaultFileLockManager] Releasing lock on daemon addresses registry.
21:28:29.419 [DEBUG] [org.gradle.launcher.daemon.server.DaemonStateCoordinator] updating lastActivityAt to 1475418509419
21:28:29.420 [INFO] [org.gradle.launcher.daemon.server.exec.StartBuildOrRespondWithBusy] Daemon is about to start building Build{id=d0944d46-506b-494b-8612-9899605dd5a6.1, currentDir=E:\My Project\Android Project\JasaService}. Dispatching build started information...
21:28:29.420 [DEBUG] [org.gradle.launcher.daemon.server.SynchronizedDispatchConnection] thread 18: dispatching class org.gradle.launcher.daemon.protocol.BuildStarted
21:28:29.421 [DEBUG] [org.gradle.launcher.daemon.server.exec.EstablishBuildEnvironment] Configuring env variables: {LOCALAPPDATA=C:\Users\Asus\AppData\Local, PROCESSOR_LEVEL=6, FP_NO_HOST_CHECK=NO, USERDOMAIN=Asus-PC, LOGONSERVER=\\ASUS-PC, JAVA_HOME=C:\Program Files\Java\jdk1.7.0_79, SESSIONNAME=Console, ALLUSERSPROFILE=C:\ProgramData, PROCESSOR_ARCHITECTURE=AMD64, PSModulePath=C:\Windows\system32\WindowsPowerShell\v1.0\Modules\, SystemDrive=C:, APPDATA=C:\Users\Asus\AppData\Roaming, MOZ_PLUGIN_PATH=C:\Program Files (x86)\Foxit Software\Foxit Reader\plugins\, USERNAME=Asus, ProgramFiles(x86)=C:\Program Files (x86), CommonProgramFiles=C:\Program Files\Common Files, GPU_MAX_ALLOC_PERCENT=80, Path=C:\ProgramData\Oracle\Java\javapath;C:\Windows\system32;C:\Windows;C:\Windows\System32\Wbem;C:\Windows\System32\WindowsPowerShell\v1.0\;C:\Program Files (x86)\NVIDIA Corporation\PhysX\Common;C:\Program Files\Java\jdk1.7.0_79\bin;C:\Program Files\nodejs\;C:\Program Files\Git\bin;C:\Program Files (x86)\Microsoft SQL Server\100\Tools\Binn\;C:\Program Files\Microsoft SQL Server\100\Tools\Binn\;C:\Program Files\Microsoft SQL Server\100\DTS\Binn\;C:\Program Files (x86)\Microsoft SQL Server\100\Tools\Binn\VSShell\Common7\IDE\;C:\Program Files (x86)\Microsoft Visual Studio 9.0\Common7\IDE\PrivateAssemblies\;C:\Program Files (x86)\Microsoft SQL Server\100\DTS\Binn\;C:\Users\Asus\AppData\Roaming\npm, PATHEXT=.COM;.EXE;.BAT;.CMD;.VBS;.VBE;.JS;.JSE;.WSF;.WSH;.MSC, OS=Windows_NT, COMPUTERNAME=ASUS-PC, PROCESSOR_REVISION=2a07, CommonProgramW6432=C:\Program Files\Common Files, ComSpec=C:\Windows\system32\cmd.exe, ProgramData=C:\ProgramData, ProgramW6432=C:\Program Files, HOMEPATH=\Users\Asus, SystemRoot=C:\Windows, TEMP=C:\Users\Asus\AppData\Local\Temp, HOMEDRIVE=C:, PROCESSOR_IDENTIFIER=Intel64 Family 6 Model 42 Stepping 7, GenuineIntel, USERPROFILE=C:\Users\Asus, TMP=C:\Users\Asus\AppData\Local\Temp, CommonProgramFiles(x86)=C:\Program Files (x86)\Common Files, ProgramFiles=C:\Program Files, PUBLIC=C:\Users\Public, NUMBER_OF_PROCESSORS=4, windir=C:\Windows, =::=::\}
21:28:29.424 [DEBUG] [org.gradle.launcher.daemon.server.exec.LogToClient] About to start relaying all logs to the client via the connection.
21:28:29.424 [INFO] [org.gradle.launcher.daemon.server.exec.LogToClient] The client will now receive all logging from the daemon (pid: 4116). The daemon log file: C:\Users\Asus\.gradle\daemon\2.14.1\daemon-4116.out.log
21:28:29.425 [INFO] [org.gradle.launcher.daemon.server.health.DaemonHealthTracker] Starting 2nd build in daemon [uptime: 1 mins 2.96 secs, performance: 99%]
21:28:29.426 [DEBUG] [org.gradle.launcher.daemon.server.exec.ExecuteBuild] The daemon has started executing the build.
21:28:29.426 [INFO] [org.gradle.launcher.daemon.server.exec.ExecuteBuild] Executing build with daemon context: DefaultDaemonContext[uid=77959bc4-e5bf-4b06-b55f-e45e9f03a60f,javaHome=C:\Android\Android Studio\jre,daemonRegistryDir=C:\Users\Asus\.gradle\daemon,pid=4116,idleTimeout=10800000,daemonOpts=-Xmx1536m,-Dfile.encoding=windows-1252,-Duser.country=GB,-Duser.language=en,-Duser.variant]
Configuration on demand is an incubating feature.
Incremental java compilation is an incubating feature.
:app:preBuild UP-TO-DATE
:app:preDebugBuild UP-TO-DATE
:app:checkDebugManifest
:app:preReleaseBuild UP-TO-DATE
:app:prepareComAndroidSupportAnimatedVectorDrawable2421Library UP-TO-DATE
:app:prepareComAndroidSupportAppcompatV72421Library UP-TO-DATE
:app:prepareComAndroidSupportDesign2421Library UP-TO-DATE
:app:prepareComAndroidSupportMediarouterV72300Library UP-TO-DATE
:app:prepareComAndroidSupportRecyclerviewV72421Library UP-TO-DATE
:app:prepareComAndroidSupportSupportCompat2421Library UP-TO-DATE
:app:prepareComAndroidSupportSupportCoreUi2421Library UP-TO-DATE
:app:prepareComAndroidSupportSupportCoreUtils2421Library UP-TO-DATE
:app:prepareComAndroidSupportSupportFragment2421Library UP-TO-DATE
:app:prepareComAndroidSupportSupportMediaCompat2421Library UP-TO-DATE
:app:prepareComAndroidSupportSupportV42421Library UP-TO-DATE
:app:prepareComAndroidSupportSupportVectorDrawable2421Library UP-TO-DATE
:app:prepareComGoogleAndroidGmsPlayServices940Library UP-TO-DATE
:app:prepareComGoogleAndroidGmsPlayServicesAds940Library UP-TO-DATE
:app:prepareComGoogleAndroidGmsPlayServicesAdsLite940Library UP-TO-DATE
:app:prepareComGoogleAndroidGmsPlayServicesAnalytics940Library UP-TO-DATE
:app:prepareComGoogleAndroidGmsPlayServicesAnalyticsImpl940Library UP-TO-DATE
:app:prepareComGoogleAndroidGmsPlayServicesAppindexing940Library UP-TO-DATE
:app:prepareComGoogleAndroidGmsPlayServicesAppinvite940Library UP-TO-DATE
:app:prepareComGoogleAndroidGmsPlayServicesAuth940Library UP-TO-DATE
:app:prepareComGoogleAndroidGmsPlayServicesAuthBase940Library UP-TO-DATE
:app:prepareComGoogleAndroidGmsPlayServicesBase940Library UP-TO-DATE
:app:prepareComGoogleAndroidGmsPlayServicesBasement940Library UP-TO-DATE
:app:prepareComGoogleAndroidGmsPlayServicesCast940Library UP-TO-DATE
:app:prepareComGoogleAndroidGmsPlayServicesCastFramework940Library UP-TO-DATE
:app:prepareComGoogleAndroidGmsPlayServicesClearcut940Library UP-TO-DATE
:app:prepareComGoogleAndroidGmsPlayServicesContextmanager940Library UP-TO-DATE
:app:prepareComGoogleAndroidGmsPlayServicesDrive940Library UP-TO-DATE
:app:prepareComGoogleAndroidGmsPlayServicesFitness940Library UP-TO-DATE
:app:prepareComGoogleAndroidGmsPlayServicesGames940Library UP-TO-DATE
:app:prepareComGoogleAndroidGmsPlayServicesGass940Library UP-TO-DATE
:app:prepareComGoogleAndroidGmsPlayServicesGcm940Library UP-TO-DATE
:app:prepareComGoogleAndroidGmsPlayServicesIdentity940Library UP-TO-DATE
:app:prepareComGoogleAndroidGmsPlayServicesIid940Library UP-TO-DATE
:app:prepareComGoogleAndroidGmsPlayServicesLocation940Library UP-TO-DATE
:app:prepareComGoogleAndroidGmsPlayServicesMaps940Library UP-TO-DATE
:app:prepareComGoogleAndroidGmsPlayServicesNearby940Library UP-TO-DATE
:app:prepareComGoogleAndroidGmsPlayServicesPanorama940Library UP-TO-DATE
:app:prepareComGoogleAndroidGmsPlayServicesPlaces940Library UP-TO-DATE
:app:prepareComGoogleAndroidGmsPlayServicesPlus940Library UP-TO-DATE
:app:prepareComGoogleAndroidGmsPlayServicesSafetynet940Library UP-TO-DATE
:app:prepareComGoogleAndroidGmsPlayServicesTagmanager940Library UP-TO-DATE
:app:prepareComGoogleAndroidGmsPlayServicesTagmanagerApi940Library UP-TO-DATE
:app:prepareComGoogleAndroidGmsPlayServicesTasks940Library UP-TO-DATE
:app:prepareComGoogleAndroidGmsPlayServicesVision940Library UP-TO-DATE
:app:prepareComGoogleAndroidGmsPlayServicesWallet940Library UP-TO-DATE
:app:prepareComGoogleAndroidGmsPlayServicesWearable940Library UP-TO-DATE
:app:prepareComGoogleFirebaseFirebaseAnalytics940Library UP-TO-DATE
:app:prepareComGoogleFirebaseFirebaseAnalyticsImpl940Library UP-TO-DATE
:app:prepareComGoogleFirebaseFirebaseAuth940Library UP-TO-DATE
:app:prepareComGoogleFirebaseFirebaseAuthCommon940Library UP-TO-DATE
:app:prepareComGoogleFirebaseFirebaseAuthModule940Library UP-TO-DATE
:app:prepareComGoogleFirebaseFirebaseCommon940Library UP-TO-DATE
:app:prepareComGoogleFirebaseFirebaseConfig940Library UP-TO-DATE
:app:prepareComGoogleFirebaseFirebaseCore940Library UP-TO-DATE
:app:prepareComGoogleFirebaseFirebaseCrash940Library UP-TO-DATE
:app:prepareComGoogleFirebaseFirebaseDatabase940Library UP-TO-DATE
:app:prepareComGoogleFirebaseFirebaseDatabaseConnection940Library UP-TO-DATE
:app:prepareComGoogleFirebaseFirebaseIid940Library UP-TO-DATE
:app:prepareComGoogleFirebaseFirebaseMessaging940Library UP-TO-DATE
:app:prepareComGoogleFirebaseFirebaseStorage940Library UP-TO-DATE
:app:prepareComGoogleFirebaseFirebaseStorageCommon940Library UP-TO-DATE
:app:prepareDebugDependencies
:app:compileDebugAidl UP-TO-DATE
:app:compileDebugRenderscript UP-TO-DATE
:app:generateDebugBuildConfig UP-TO-DATE
:app:generateDebugResValues UP-TO-DATE
:app:processDebugGoogleServices
Parsing json file: E:\My Project\Android Project\JasaService\app\google-services.json
:app:generateDebugResources
:app:mergeDebugResources UP-TO-DATE
:app:processDebugManifest UP-TO-DATE
:app:processDebugResources UP-TO-DATE
:app:generateDebugSources UP-TO-DATE
:app:preDebugAndroidTestBuild UP-TO-DATE
:app:prepareComAndroidSupportTestEspressoEspressoCore222Library UP-TO-DATE
:app:prepareComAndroidSupportTestEspressoEspressoIdlingResource222Library UP-TO-DATE
:app:prepareComAndroidSupportTestExposedInstrumentationApiPublish05Library UP-TO-DATE
:app:prepareComAndroidSupportTestRules05Library UP-TO-DATE
:app:prepareComAndroidSupportTestRunner05Library UP-TO-DATE
:app:prepareDebugAndroidTestDependencies
:app:compileDebugAndroidTestAidl UP-TO-DATE
:app:processDebugAndroidTestManifest UP-TO-DATE
:app:compileDebugAndroidTestRenderscript UP-TO-DATE
:app:generateDebugAndroidTestBuildConfig UP-TO-DATE
:app:generateDebugAndroidTestResValues UP-TO-DATE
:app:generateDebugAndroidTestResources UP-TO-DATE
:app:mergeDebugAndroidTestResources UP-TO-DATE
:app:processDebugAndroidTestResources UP-TO-DATE
:app:generateDebugAndroidTestSources UP-TO-DATE
:app:mockableAndroidJar UP-TO-DATE
:app:preDebugUnitTestBuild UP-TO-DATE
:app:prepareDebugUnitTestDependencies

BUILD SUCCESSFUL

Total time: 15.242 secs
21:28:44.466 [DEBUG] [org.gradle.cache.internal.btree.BTreePersistentIndexedCache] Closing cache fileHashes.bin (E:\My Project\Android Project\JasaService\.gradle\2.14.1\taskArtifacts\fileHashes.bin)
21:28:44.497 [DEBUG] [org.gradle.cache.internal.btree.BTreePersistentIndexedCache] Closing cache fileSnapshots.bin (E:\My Project\Android Project\JasaService\.gradle\2.14.1\taskArtifacts\fileSnapshots.bin)
21:28:44.497 [DEBUG] [org.gradle.cache.internal.btree.BTreePersistentIndexedCache] Closing cache taskArtifacts.bin (E:\My Project\Android Project\JasaService\.gradle\2.14.1\taskArtifacts\taskArtifacts.bin)
21:28:44.497 [DEBUG] [org.gradle.cache.internal.DefaultFileLockManager] Releasing lock on task history cache (E:\My Project\Android Project\JasaService\.gradle\2.14.1\taskArtifacts).
21:28:44.497 [DEBUG] [org.gradle.cache.internal.DefaultCacheAccess] Cache Generated Gradle JARs cache (C:\Users\Asus\.gradle\caches\2.14.1\generated-gradle-jars) was closed 0 times.
21:28:44.497 [DEBUG] [org.gradle.cache.internal.btree.BTreePersistentIndexedCache] Closing cache module-metadata.bin (C:\Users\Asus\.gradle\caches\modules-2\metadata-2.16\module-metadata.bin)
21:28:44.497 [DEBUG] [org.gradle.cache.internal.btree.BTreePersistentIndexedCache] Closing cache artifact-at-repository.bin (C:\Users\Asus\.gradle\caches\modules-2\metadata-2.16\artifact-at-repository.bin)
21:28:44.497 [DEBUG] [org.gradle.cache.internal.DefaultFileLockManager] Releasing lock on artifact cache (C:\Users\Asus\.gradle\caches\modules-2).
21:28:44.497 [DEBUG] [org.gradle.api.internal.artifacts.ivyservice.resolveengine.store.CachedStoreFactory] Resolution result cache closed. Cache reads: 0, disk reads: 0 (avg: 0.0 secs, total: 0.0 secs)
21:28:44.497 [DEBUG] [org.gradle.api.internal.artifacts.ivyservice.resolveengine.store.CachedStoreFactory] Resolution result cache closed. Cache reads: 0, disk reads: 10 (avg: 0.037 secs, total: 0.375 secs)
21:28:44.497 [DEBUG] [org.gradle.api.internal.artifacts.ivyservice.resolveengine.store.ResolutionResultsStoreFactory] Deleted 2 resolution results binary files in 0.0 secs
21:28:44.497 [DEBUG] [org.gradle.api.internal.artifacts.ivyservice.ivyresolve.memcache.InMemoryCachedRepositoryFactory] In-memory dependency metadata cache closed. Repos cached: 52, cache instances: 5, modules served from cache: 542, artifacts: 240
21:28:44.497 [DEBUG] [org.gradle.cache.internal.DefaultCacheAccess] Cache Plugin Resolution Cache (C:\Users\Asus\.gradle\caches\2.14.1\plugin-resolution) was closed 0 times.
21:28:44.497 [DEBUG] [org.gradle.api.internal.tasks.compile.daemon.CompilerDaemonManager] Stopping 0 compiler daemon(s).
21:28:44.497 [INFO] [org.gradle.api.internal.tasks.compile.daemon.CompilerDaemonManager] Stopped 0 compiler daemon(s).
21:28:44.497 [DEBUG] [org.gradle.cache.internal.DefaultCacheAccess] Cache jars (C:\Users\Asus\.gradle\caches\jars-1) was closed 0 times.
21:28:44.497 [DEBUG] [org.gradle.launcher.daemon.server.exec.ExecuteBuild] The daemon has finished executing the build.
21:28:44.528 [DEBUG] [org.gradle.launcher.daemon.server.DaemonStateCoordinator] Command execution: finished waiting for DaemonCommandExecution[command = Build{id=d0944d46-506b-494b-8612-9899605dd5a6.1, currentDir=E:\My Project\Android Project\JasaService}, connection = org.gradle.launcher.daemon.server.DefaultDaemonConnection@2b860bbb]. Result org.gradle.launcher.daemon.server.DaemonStateCoordinator@75bb183f with state Running
21:28:44.528 [DEBUG] [org.gradle.launcher.daemon.server.DaemonStateCoordinator] Command execution: completed DaemonCommandExecution[command = Build{id=d0944d46-506b-494b-8612-9899605dd5a6.1, currentDir=E:\My Project\Android Project\JasaService}, connection = org.gradle.launcher.daemon.server.DefaultDaemonConnection@2b860bbb]
21:28:44.528 [DEBUG] [org.gradle.launcher.daemon.server.DaemonStateCoordinator] updating lastActivityAt to 1475418524528
21:28:44.528 [INFO] [org.gradle.launcher.daemon.server.DomainRegistryUpdater] Marking the daemon as idle, address: [ed39f901-57f7-4bc4-ad6d-eb8b18b80a3e port:64711, addresses:[/127.0.0.1, /0:0:0:0:0:0:0:1]]
21:28:44.528 [DEBUG] [org.gradle.launcher.daemon.registry.PersistentDaemonRegistry] Marking idle by address: [ed39f901-57f7-4bc4-ad6d-eb8b18b80a3e port:64711, addresses:[/127.0.0.1, /0:0:0:0:0:0:0:1]]
21:28:44.528 [DEBUG] [org.gradle.cache.internal.DefaultFileLockManager] Waiting to acquire exclusive lock on daemon addresses registry.
21:28:44.528 [DEBUG] [org.gradle.cache.internal.DefaultFileLockManager] Lock acquired.
21:28:44.544 [DEBUG] [org.gradle.cache.internal.DefaultFileLockManager] Releasing lock on daemon addresses registry.
21:28:44.544 [DEBUG] [org.gradle.launcher.daemon.server.exec.ReturnResult] Daemon is dispatching the build result: Success[value=org.gradle.tooling.internal.provider.BuildActionResult@487893c0]
21:28:44.544 [DEBUG] [org.gradle.launcher.daemon.server.SynchronizedDispatchConnection] thread 15: dispatching class org.gradle.launcher.daemon.protocol.Success
21:28:44.544 [DEBUG] [org.gradle.launcher.daemon.server.DaemonStateCoordinator] daemon is running. Sleeping until state changes.
21:28:44.544 [DEBUG] [org.gradle.launcher.daemon.server.SynchronizedDispatchConnection] thread 22: received class org.gradle.launcher.daemon.protocol.Finished
21:28:44.544 [DEBUG] [org.gradle.launcher.daemon.server.DefaultDaemonConnection] thread 22: Received non-IO message from client: org.gradle.launcher.daemon.protocol.Finished@62fd29bc
21:28:44.544 [DEBUG] [org.gradle.internal.remote.internal.inet.SocketConnection] Discarding EOFException: java.io.EOFException
21:28:44.544 [DEBUG] [org.gradle.launcher.daemon.server.SynchronizedDispatchConnection] thread 22: received null
21:28:44.544 [DEBUG] [org.gradle.launcher.daemon.server.DefaultDaemonConnection] thread 22: Received end-of-input from client.
21:28:44.559 [DEBUG] [org.gradle.launcher.daemon.server.DefaultIncomingConnectionHandler] Finishing executing command: Build{id=d0944d46-506b-494b-8612-9899605dd5a6.1, currentDir=E:\My Project\Android Project\JasaService}
21:28:44.606 [DEBUG] [org.gradle.launcher.daemon.server.DefaultIncomingConnectionHandler] Received finished message: null
21:28:44.606 [DEBUG] [org.gradle.launcher.daemon.server.SynchronizedDispatchConnection] thread 15: stopping connection
21:28:44.622 [DEBUG] [org.gradle.launcher.daemon.server.SynchronizedDispatchConnection] thread 15: stopping connection
21:29:27.101 [DEBUG] [org.gradle.launcher.daemon.server.Daemon] DaemonExpirationPeriodicCheck running
21:29:27.101 [DEBUG] [org.gradle.cache.internal.DefaultFileLockManager] Waiting to acquire shared lock on daemon addresses registry.
21:29:27.101 [DEBUG] [org.gradle.cache.internal.DefaultFileLockManager] Lock acquired.
21:29:27.101 [DEBUG] [org.gradle.cache.internal.DefaultFileLockManager] Releasing lock on daemon addresses registry.
21:30:27.114 [DEBUG] [org.gradle.launcher.daemon.server.Daemon] DaemonExpirationPeriodicCheck running
21:30:27.114 [DEBUG] [org.gradle.cache.internal.DefaultFileLockManager] Waiting to acquire shared lock on daemon addresses registry.
21:30:27.114 [DEBUG] [org.gradle.cache.internal.DefaultFileLockManager] Lock acquired.
21:30:27.114 [DEBUG] [org.gradle.cache.internal.DefaultFileLockManager] Releasing lock on daemon addresses registry.
21:31:27.112 [DEBUG] [org.gradle.launcher.daemon.server.Daemon] DaemonExpirationPeriodicCheck running
21:31:27.112 [DEBUG] [org.gradle.cache.internal.DefaultFileLockManager] Waiting to acquire shared lock on daemon addresses registry.
21:31:27.112 [DEBUG] [org.gradle.cache.internal.DefaultFileLockManager] Lock acquired.
21:31:27.127 [DEBUG] [org.gradle.cache.internal.DefaultFileLockManager] Releasing lock on daemon addresses registry.
21:32:27.102 [DEBUG] [org.gradle.launcher.daemon.server.Daemon] DaemonExpirationPeriodicCheck running
21:32:27.102 [DEBUG] [org.gradle.cache.internal.DefaultFileLockManager] Waiting to acquire shared lock on daemon addresses registry.
21:32:27.102 [DEBUG] [org.gradle.cache.internal.DefaultFileLockManager] Lock acquired.
21:32:27.102 [DEBUG] [org.gradle.cache.internal.DefaultFileLockManager] Releasing lock on daemon addresses registry.
21:33:27.105 [DEBUG] [org.gradle.launcher.daemon.server.Daemon] DaemonExpirationPeriodicCheck running
21:33:27.106 [DEBUG] [org.gradle.cache.internal.DefaultFileLockManager] Waiting to acquire shared lock on daemon addresses registry.
21:33:27.106 [DEBUG] [org.gradle.cache.internal.DefaultFileLockManager] Lock acquired.
21:33:27.108 [DEBUG] [org.gradle.cache.internal.DefaultFileLockManager] Releasing lock on daemon addresses registry.
21:34:27.111 [DEBUG] [org.gradle.launcher.daemon.server.Daemon] DaemonExpirationPeriodicCheck running
21:34:27.111 [DEBUG] [org.gradle.cache.internal.DefaultFileLockManager] Waiting to acquire shared lock on daemon addresses registry.
21:34:27.111 [DEBUG] [org.gradle.cache.internal.DefaultFileLockManager] Lock acquired.
21:34:27.111 [DEBUG] [org.gradle.cache.internal.DefaultFileLockManager] Releasing lock on daemon addresses registry.
21:35:27.105 [DEBUG] [org.gradle.launcher.daemon.server.Daemon] DaemonExpirationPeriodicCheck running
21:35:27.109 [DEBUG] [org.gradle.cache.internal.DefaultFileLockManager] Waiting to acquire shared lock on daemon addresses registry.
21:35:27.110 [DEBUG] [org.gradle.cache.internal.DefaultFileLockManager] Lock acquired.
21:35:27.115 [DEBUG] [org.gradle.cache.internal.DefaultFileLockManager] Releasing lock on daemon addresses registry.
21:36:27.116 [DEBUG] [org.gradle.launcher.daemon.server.Daemon] DaemonExpirationPeriodicCheck running
21:36:27.116 [DEBUG] [org.gradle.cache.internal.DefaultFileLockManager] Waiting to acquire shared lock on daemon addresses registry.
21:36:27.116 [DEBUG] [org.gradle.cache.internal.DefaultFileLockManager] Lock acquired.
21:36:27.116 [DEBUG] [org.gradle.cache.internal.DefaultFileLockManager] Releasing lock on daemon addresses registry.
21:37:27.107 [DEBUG] [org.gradle.launcher.daemon.server.Daemon] DaemonExpirationPeriodicCheck running
21:37:27.111 [DEBUG] [org.gradle.cache.internal.DefaultFileLockManager] Waiting to acquire shared lock on daemon addresses registry.
21:37:27.112 [DEBUG] [org.gradle.cache.internal.DefaultFileLockManager] Lock acquired.
21:37:27.116 [DEBUG] [org.gradle.cache.internal.DefaultFileLockManager] Releasing lock on daemon addresses registry.
21:38:27.110 [DEBUG] [org.gradle.launcher.daemon.server.Daemon] DaemonExpirationPeriodicCheck running
21:38:27.110 [DEBUG] [org.gradle.cache.internal.DefaultFileLockManager] Waiting to acquire shared lock on daemon addresses registry.
21:38:27.110 [DEBUG] [org.gradle.cache.internal.DefaultFileLockManager] Lock acquired.
21:38:27.110 [DEBUG] [org.gradle.cache.internal.DefaultFileLockManager] Releasing lock on daemon addresses registry.
21:39:27.110 [DEBUG] [org.gradle.launcher.daemon.server.Daemon] DaemonExpirationPeriodicCheck running
21:39:27.110 [DEBUG] [org.gradle.cache.internal.DefaultFileLockManager] Waiting to acquire shared lock on daemon addresses registry.
21:39:27.110 [DEBUG] [org.gradle.cache.internal.DefaultFileLockManager] Lock acquired.
21:39:27.110 [DEBUG] [org.gradle.cache.internal.DefaultFileLockManager] Releasing lock on daemon addresses registry.
21:40:27.110 [DEBUG] [org.gradle.launcher.daemon.server.Daemon] DaemonExpirationPeriodicCheck running
21:40:27.110 [DEBUG] [org.gradle.cache.internal.DefaultFileLockManager] Waiting to acquire shared lock on daemon addresses registry.
21:40:27.110 [DEBUG] [org.gradle.cache.internal.DefaultFileLockManager] Lock acquired.
21:40:27.110 [DEBUG] [org.gradle.cache.internal.DefaultFileLockManager] Releasing lock on daemon addresses registry.
21:41:27.115 [DEBUG] [org.gradle.launcher.daemon.server.Daemon] DaemonExpirationPeriodicCheck running
21:41:27.115 [DEBUG] [org.gradle.cache.internal.DefaultFileLockManager] Waiting to acquire shared lock on daemon addresses registry.
21:41:27.115 [DEBUG] [org.gradle.cache.internal.DefaultFileLockManager] Lock acquired.
21:41:27.115 [DEBUG] [org.gradle.cache.internal.DefaultFileLockManager] Releasing lock on daemon addresses registry.
21:42:27.116 [DEBUG] [org.gradle.launcher.daemon.server.Daemon] DaemonExpirationPeriodicCheck running
21:42:27.116 [DEBUG] [org.gradle.cache.internal.DefaultFileLockManager] Waiting to acquire shared lock on daemon addresses registry.
21:42:27.116 [DEBUG] [org.gradle.cache.internal.DefaultFileLockManager] Lock acquired.
21:42:27.116 [DEBUG] [org.gradle.cache.internal.DefaultFileLockManager] Releasing lock on daemon addresses registry.
21:43:27.120 [DEBUG] [org.gradle.launcher.daemon.server.Daemon] DaemonExpirationPeriodicCheck running
21:43:27.120 [DEBUG] [org.gradle.cache.internal.DefaultFileLockManager] Waiting to acquire shared lock on daemon addresses registry.
21:43:27.120 [DEBUG] [org.gradle.cache.internal.DefaultFileLockManager] Lock acquired.
21:43:27.120 [DEBUG] [org.gradle.cache.internal.DefaultFileLockManager] Releasing lock on daemon addresses registry.
21:44:27.116 [DEBUG] [org.gradle.launcher.daemon.server.Daemon] DaemonExpirationPeriodicCheck running
21:44:27.116 [DEBUG] [org.gradle.cache.internal.DefaultFileLockManager] Waiting to acquire shared lock on daemon addresses registry.
21:44:27.116 [DEBUG] [org.gradle.cache.internal.DefaultFileLockManager] Lock acquired.
21:44:27.116 [DEBUG] [org.gradle.cache.internal.DefaultFileLockManager] Releasing lock on daemon addresses registry.
21:45:27.125 [DEBUG] [org.gradle.launcher.daemon.server.Daemon] DaemonExpirationPeriodicCheck running
21:45:27.125 [DEBUG] [org.gradle.cache.internal.DefaultFileLockManager] Waiting to acquire shared lock on daemon addresses registry.
21:45:27.125 [DEBUG] [org.gradle.cache.internal.DefaultFileLockManager] Lock acquired.
21:45:27.125 [DEBUG] [org.gradle.cache.internal.DefaultFileLockManager] Releasing lock on daemon addresses registry.
21:46:27.114 [DEBUG] [org.gradle.launcher.daemon.server.Daemon] DaemonExpirationPeriodicCheck running
21:46:27.118 [DEBUG] [org.gradle.cache.internal.DefaultFileLockManager] Waiting to acquire shared lock on daemon addresses registry.
21:46:27.119 [DEBUG] [org.gradle.cache.internal.DefaultFileLockManager] Lock acquired.
21:46:27.121 [DEBUG] [org.gradle.cache.internal.DefaultFileLockManager] Releasing lock on daemon addresses registry.
21:47:27.116 [DEBUG] [org.gradle.launcher.daemon.server.Daemon] DaemonExpirationPeriodicCheck running
21:47:27.118 [DEBUG] [org.gradle.cache.internal.DefaultFileLockManager] Waiting to acquire shared lock on daemon addresses registry.
21:47:27.118 [DEBUG] [org.gradle.cache.internal.DefaultFileLockManager] Lock acquired.
21:47:27.119 [DEBUG] [org.gradle.cache.internal.DefaultFileLockManager] Releasing lock on daemon addresses registry.
21:48:27.121 [DEBUG] [org.gradle.launcher.daemon.server.Daemon] DaemonExpirationPeriodicCheck running
21:48:27.121 [DEBUG] [org.gradle.cache.internal.DefaultFileLockManager] Waiting to acquire shared lock on daemon addresses registry.
21:48:27.121 [DEBUG] [org.gradle.cache.internal.DefaultFileLockManager] Lock acquired.
21:48:27.121 [DEBUG] [org.gradle.cache.internal.DefaultFileLockManager] Releasing lock on daemon addresses registry.
21:49:27.130 [DEBUG] [org.gradle.launcher.daemon.server.Daemon] DaemonExpirationPeriodicCheck running
21:49:27.130 [DEBUG] [org.gradle.cache.internal.DefaultFileLockManager] Waiting to acquire shared lock on daemon addresses registry.
21:49:27.130 [DEBUG] [org.gradle.cache.internal.DefaultFileLockManager] Lock acquired.
21:49:27.130 [DEBUG] [org.gradle.cache.internal.DefaultFileLockManager] Releasing lock on daemon addresses registry.
21:50:27.128 [DEBUG] [org.gradle.launcher.daemon.server.Daemon] DaemonExpirationPeriodicCheck running
21:50:27.128 [DEBUG] [org.gradle.cache.internal.DefaultFileLockManager] Waiting to acquire shared lock on daemon addresses registry.
21:50:27.128 [DEBUG] [org.gradle.cache.internal.DefaultFileLockManager] Lock acquired.
21:50:27.128 [DEBUG] [org.gradle.cache.internal.DefaultFileLockManager] Releasing lock on daemon addresses registry.
21:51:27.120 [DEBUG] [org.gradle.launcher.daemon.server.Daemon] DaemonExpirationPeriodicCheck running
21:51:27.120 [DEBUG] [org.gradle.cache.internal.DefaultFileLockManager] Waiting to acquire shared lock on daemon addresses registry.
21:51:27.120 [DEBUG] [org.gradle.cache.internal.DefaultFileLockManager] Lock acquired.
21:51:27.120 [DEBUG] [org.gradle.cache.internal.DefaultFileLockManager] Releasing lock on daemon addresses registry.
21:52:27.130 [DEBUG] [org.gradle.launcher.daemon.server.Daemon] DaemonExpirationPeriodicCheck running
21:52:27.130 [DEBUG] [org.gradle.cache.internal.DefaultFileLockManager] Waiting to acquire shared lock on daemon addresses registry.
21:52:27.130 [DEBUG] [org.gradle.cache.internal.DefaultFileLockManager] Lock acquired.
21:52:27.130 [DEBUG] [org.gradle.cache.internal.DefaultFileLockManager] Releasing lock on daemon addresses registry.
21:53:27.121 [DEBUG] [org.gradle.launcher.daemon.server.Daemon] DaemonExpirationPeriodicCheck running
21:53:27.124 [DEBUG] [org.gradle.cache.internal.DefaultFileLockManager] Waiting to acquire shared lock on daemon addresses registry.
21:53:27.125 [DEBUG] [org.gradle.cache.internal.DefaultFileLockManager] Lock acquired.
21:53:27.127 [DEBUG] [org.gradle.cache.internal.DefaultFileLockManager] Releasing lock on daemon addresses registry.
21:54:27.128 [DEBUG] [org.gradle.launcher.daemon.server.Daemon] DaemonExpirationPeriodicCheck running
21:54:27.128 [DEBUG] [org.gradle.cache.internal.DefaultFileLockManager] Waiting to acquire shared lock on daemon addresses registry.
21:54:27.128 [DEBUG] [org.gradle.cache.internal.DefaultFileLockManager] Lock acquired.
21:54:27.128 [DEBUG] [org.gradle.cache.internal.DefaultFileLockManager] Releasing lock on daemon addresses registry.
21:55:27.130 [DEBUG] [org.gradle.launcher.daemon.server.Daemon] DaemonExpirationPeriodicCheck running
21:55:27.130 [DEBUG] [org.gradle.cache.internal.DefaultFileLockManager] Waiting to acquire shared lock on daemon addresses registry.
21:55:27.130 [DEBUG] [org.gradle.cache.internal.DefaultFileLockManager] Lock acquired.
21:55:27.130 [DEBUG] [org.gradle.cache.internal.DefaultFileLockManager] Releasing lock on daemon addresses registry.
21:56:27.132 [DEBUG] [org.gradle.launcher.daemon.server.Daemon] DaemonExpirationPeriodicCheck running
21:56:27.132 [DEBUG] [org.gradle.cache.internal.DefaultFileLockManager] Waiting to acquire shared lock on daemon addresses registry.
21:56:27.132 [DEBUG] [org.gradle.cache.internal.DefaultFileLockManager] Lock acquired.
21:56:27.132 [DEBUG] [org.gradle.cache.internal.DefaultFileLockManager] Releasing lock on daemon addresses registry.
21:57:27.126 [DEBUG] [org.gradle.launcher.daemon.server.Daemon] DaemonExpirationPeriodicCheck running
21:57:27.126 [DEBUG] [org.gradle.cache.internal.DefaultFileLockManager] Waiting to acquire shared lock on daemon addresses registry.
21:57:27.126 [DEBUG] [org.gradle.cache.internal.DefaultFileLockManager] Lock acquired.
21:57:27.126 [DEBUG] [org.gradle.cache.internal.DefaultFileLockManager] Releasing lock on daemon addresses registry.
21:58:27.125 [DEBUG] [org.gradle.launcher.daemon.server.Daemon] DaemonExpirationPeriodicCheck running
21:58:27.131 [DEBUG] [org.gradle.cache.internal.DefaultFileLockManager] Waiting to acquire shared lock on daemon addresses registry.
21:58:27.132 [DEBUG] [org.gradle.cache.internal.DefaultFileLockManager] Lock acquired.
21:58:27.134 [DEBUG] [org.gradle.cache.internal.DefaultFileLockManager] Releasing lock on daemon addresses registry.
21:59:27.126 [DEBUG] [org.gradle.launcher.daemon.server.Daemon] DaemonExpirationPeriodicCheck running
21:59:27.131 [DEBUG] [org.gradle.cache.internal.DefaultFileLockManager] Waiting to acquire shared lock on daemon addresses registry.
21:59:27.131 [DEBUG] [org.gradle.cache.internal.DefaultFileLockManager] Lock acquired.
21:59:27.134 [DEBUG] [org.gradle.cache.internal.DefaultFileLockManager] Releasing lock on daemon addresses registry.
22:00:27.141 [DEBUG] [org.gradle.launcher.daemon.server.Daemon] DaemonExpirationPeriodicCheck running
22:00:27.141 [DEBUG] [org.gradle.cache.internal.DefaultFileLockManager] Waiting to acquire shared lock on daemon addresses registry.
22:00:27.141 [DEBUG] [org.gradle.cache.internal.DefaultFileLockManager] Lock acquired.
22:00:27.141 [DEBUG] [org.gradle.cache.internal.DefaultFileLockManager] Releasing lock on daemon addresses registry.
22:01:27.128 [DEBUG] [org.gradle.launcher.daemon.server.Daemon] DaemonExpirationPeriodicCheck running
22:01:27.131 [DEBUG] [org.gradle.cache.internal.DefaultFileLockManager] Waiting to acquire shared lock on daemon addresses registry.
22:01:27.132 [DEBUG] [org.gradle.cache.internal.DefaultFileLockManager] Lock acquired.
22:01:27.134 [DEBUG] [org.gradle.cache.internal.DefaultFileLockManager] Releasing lock on daemon addresses registry.
22:02:27.128 [DEBUG] [org.gradle.launcher.daemon.server.Daemon] DaemonExpirationPeriodicCheck running
22:02:27.129 [DEBUG] [org.gradle.cache.internal.DefaultFileLockManager] Waiting to acquire shared lock on daemon addresses registry.
22:02:27.129 [DEBUG] [org.gradle.cache.internal.DefaultFileLockManager] Lock acquired.
22:02:27.130 [DEBUG] [org.gradle.cache.internal.DefaultFileLockManager] Releasing lock on daemon addresses registry.
22:03:27.138 [DEBUG] [org.gradle.launcher.daemon.server.Daemon] DaemonExpirationPeriodicCheck running
22:03:27.138 [DEBUG] [org.gradle.cache.internal.DefaultFileLockManager] Waiting to acquire shared lock on daemon addresses registry.
22:03:27.138 [DEBUG] [org.gradle.cache.internal.DefaultFileLockManager] Lock acquired.
22:03:27.138 [DEBUG] [org.gradle.cache.internal.DefaultFileLockManager] Releasing lock on daemon addresses registry.
22:04:27.142 [DEBUG] [org.gradle.launcher.daemon.server.Daemon] DaemonExpirationPeriodicCheck running
22:04:27.142 [DEBUG] [org.gradle.cache.internal.DefaultFileLockManager] Waiting to acquire shared lock on daemon addresses registry.
22:04:27.142 [DEBUG] [org.gradle.cache.internal.DefaultFileLockManager] Lock acquired.
22:04:27.142 [DEBUG] [org.gradle.cache.internal.DefaultFileLockManager] Releasing lock on daemon addresses registry.
22:05:27.145 [DEBUG] [org.gradle.launcher.daemon.server.Daemon] DaemonExpirationPeriodicCheck running
22:05:27.145 [DEBUG] [org.gradle.cache.internal.DefaultFileLockManager] Waiting to acquire shared lock on daemon addresses registry.
22:05:27.145 [DEBUG] [org.gradle.cache.internal.DefaultFileLockManager] Lock acquired.
22:05:27.145 [DEBUG] [org.gradle.cache.internal.DefaultFileLockManager] Releasing lock on daemon addresses registry.
22:06:27.137 [DEBUG] [org.gradle.launcher.daemon.server.Daemon] DaemonExpirationPeriodicCheck running
22:06:27.137 [DEBUG] [org.gradle.cache.internal.DefaultFileLockManager] Waiting to acquire shared lock on daemon addresses registry.
22:06:27.137 [DEBUG] [org.gradle.cache.internal.DefaultFileLockManager] Lock acquired.
22:06:27.137 [DEBUG] [org.gradle.cache.internal.DefaultFileLockManager] Releasing lock on daemon addresses registry.
22:07:27.133 [DEBUG] [org.gradle.launcher.daemon.server.Daemon] DaemonExpirationPeriodicCheck running
22:07:27.133 [DEBUG] [org.gradle.cache.internal.DefaultFileLockManager] Waiting to acquire shared lock on daemon addresses registry.
22:07:27.133 [DEBUG] [org.gradle.cache.internal.DefaultFileLockManager] Lock acquired.
22:07:27.133 [DEBUG] [org.gradle.cache.internal.DefaultFileLockManager] Releasing lock on daemon addresses registry.
22:08:27.134 [DEBUG] [org.gradle.launcher.daemon.server.Daemon] DaemonExpirationPeriodicCheck running
22:08:27.141 [DEBUG] [org.gradle.cache.internal.DefaultFileLockManager] Waiting to acquire shared lock on daemon addresses registry.
22:08:27.142 [DEBUG] [org.gradle.cache.internal.DefaultFileLockManager] Lock acquired.
22:08:27.144 [DEBUG] [org.gradle.cache.internal.DefaultFileLockManager] Releasing lock on daemon addresses registry.
22:09:27.134 [DEBUG] [org.gradle.launcher.daemon.server.Daemon] DaemonExpirationPeriodicCheck running
22:09:27.139 [DEBUG] [org.gradle.cache.internal.DefaultFileLockManager] Waiting to acquire shared lock on daemon addresses registry.
22:09:27.140 [DEBUG] [org.gradle.cache.internal.DefaultFileLockManager] Lock acquired.
22:09:27.143 [DEBUG] [org.gradle.cache.internal.DefaultFileLockManager] Releasing lock on daemon addresses registry.
22:10:27.143 [DEBUG] [org.gradle.launcher.daemon.server.Daemon] DaemonExpirationPeriodicCheck running
22:10:27.143 [DEBUG] [org.gradle.cache.internal.DefaultFileLockManager] Waiting to acquire shared lock on daemon addresses registry.
22:10:27.143 [DEBUG] [org.gradle.cache.internal.DefaultFileLockManager] Lock acquired.
22:10:27.143 [DEBUG] [org.gradle.cache.internal.DefaultFileLockManager] Releasing lock on daemon addresses registry.
22:11:27.138 [DEBUG] [org.gradle.launcher.daemon.server.Daemon] DaemonExpirationPeriodicCheck running
22:11:27.142 [DEBUG] [org.gradle.cache.internal.DefaultFileLockManager] Waiting to acquire shared lock on daemon addresses registry.
22:11:27.142 [DEBUG] [org.gradle.cache.internal.DefaultFileLockManager] Lock acquired.
22:11:27.145 [DEBUG] [org.gradle.cache.internal.DefaultFileLockManager] Releasing lock on daemon addresses registry.
22:11:28.564 [DEBUG] [org.gradle.internal.remote.internal.inet.TcpIncomingConnector] Accepted connection from /127.0.0.1:51138 to /127.0.0.1:64711.
22:11:28.580 [DEBUG] [org.gradle.launcher.daemon.server.SynchronizedDispatchConnection] thread 27: received class org.gradle.launcher.daemon.protocol.StopWhenIdle
22:11:28.581 [DEBUG] [org.gradle.launcher.daemon.server.DefaultDaemonConnection] thread 27: Received non-IO message from client: StopWhenIdle[id=8e79c041-fafe-4b30-82d6-dc47998e8597.1]
22:11:28.581 [INFO] [org.gradle.launcher.daemon.server.DefaultIncomingConnectionHandler] Received command: StopWhenIdle[id=8e79c041-fafe-4b30-82d6-dc47998e8597.1].
22:11:28.581 [DEBUG] [org.gradle.launcher.daemon.server.DefaultIncomingConnectionHandler] Starting executing command: StopWhenIdle[id=8e79c041-fafe-4b30-82d6-dc47998e8597.1] with connection: socket connection from /127.0.0.1:64711 to /127.0.0.1:51138.
22:11:28.581 [DEBUG] [org.gradle.launcher.daemon.server.DaemonStateCoordinator] Stop as soon as idle requested. The daemon is busy: false
22:11:28.581 [DEBUG] [org.gradle.launcher.daemon.server.DaemonStateCoordinator] Marking daemon stopped due to stop requested and daemon idle. The daemon is running a build: false
22:11:28.582 [DEBUG] [org.gradle.launcher.daemon.server.SynchronizedDispatchConnection] thread 26: dispatching class org.gradle.launcher.daemon.protocol.Success
22:11:28.582 [DEBUG] [org.gradle.launcher.daemon.server.DaemonStateCoordinator] daemon has stopped.
22:11:28.582 [DEBUG] [org.gradle.launcher.daemon.server.Daemon] stop() called on daemon
22:11:28.582 [INFO] [org.gradle.launcher.daemon.server.Daemon] Stop requested. Daemon is removing its presence from the registry...
22:11:28.582 [DEBUG] [org.gradle.launcher.daemon.server.DefaultIncomingConnectionHandler] Finishing executing command: StopWhenIdle[id=8e79c041-fafe-4b30-82d6-dc47998e8597.1]
22:11:28.583 [DEBUG] [org.gradle.launcher.daemon.server.SynchronizedDispatchConnection] thread 27: received class org.gradle.launcher.daemon.protocol.Finished
22:11:28.589 [DEBUG] [org.gradle.launcher.daemon.server.DefaultDaemonConnection] thread 27: Received non-IO message from client: org.gradle.launcher.daemon.protocol.Finished@72c0e7f6
22:11:28.589 [DEBUG] [org.gradle.internal.remote.internal.inet.SocketConnection] Discarding EOFException: java.io.EOFException
22:11:28.590 [DEBUG] [org.gradle.launcher.daemon.server.SynchronizedDispatchConnection] thread 27: received null
22:11:28.590 [DEBUG] [org.gradle.launcher.daemon.server.DefaultDaemonConnection] thread 27: Received end-of-input from client.
22:11:28.590 [DEBUG] [org.gradle.launcher.daemon.server.DefaultIncomingConnectionHandler] Received finished message: null
22:11:28.590 [DEBUG] [org.gradle.launcher.daemon.server.SynchronizedDispatchConnection] thread 26: stopping connection
22:11:28.591 [DEBUG] [org.gradle.launcher.daemon.server.DomainRegistryUpdater] Removing our presence to clients, eg. removing this address from the registry: [ed39f901-57f7-4bc4-ad6d-eb8b18b80a3e port:64711, addresses:[/127.0.0.1, /0:0:0:0:0:0:0:1]]
22:11:28.591 [DEBUG] [org.gradle.launcher.daemon.registry.PersistentDaemonRegistry] Removing daemon address: [ed39f901-57f7-4bc4-ad6d-eb8b18b80a3e port:64711, addresses:[/127.0.0.1, /0:0:0:0:0:0:0:1]]
22:11:28.593 [DEBUG] [org.gradle.cache.internal.DefaultFileLockManager] Waiting to acquire exclusive lock on daemon addresses registry.
22:11:28.594 [DEBUG] [org.gradle.cache.internal.DefaultFileLockManager] Lock acquired.
22:11:28.596 [DEBUG] [org.gradle.cache.internal.DefaultFileLockManager] Releasing lock on daemon addresses registry.
22:11:28.599 [DEBUG] [org.gradle.launcher.daemon.server.SynchronizedDispatchConnection] thread 26: stopping connection
22:11:28.599 [DEBUG] [org.gradle.launcher.daemon.server.DomainRegistryUpdater] Address removed from registry.
22:11:28.684 [DEBUG] [org.gradle.launcher.daemon.registry.PersistentDaemonRegistry] Removing daemon address: [ed39f901-57f7-4bc4-ad6d-eb8b18b80a3e port:64711, addresses:[/127.0.0.1, /0:0:0:0:0:0:0:1]]
22:11:28.685 [DEBUG] [org.gradle.cache.internal.DefaultFileLockManager] Waiting to acquire exclusive lock on daemon addresses registry.
22:11:28.690 [DEBUG] [org.gradle.cache.internal.DefaultFileLockManager] Lock acquired.
Daemon vm is shutting down... The daemon has exited normally or was terminated in response to a user interrupt.
22:11:28.853 [DEBUG] [org.gradle.cache.internal.DefaultFileLockManager] Releasing lock on daemon addresses registry.
